<?xml version="1.0" encoding="UTF-8" standalone="no"?>
<!DOCTYPE log SYSTEM "logger.dtd">
<log>
<record>
  <date>2019-10-06T20:46:25</date>
  <millis>1570374985352</millis>
  <sequence>0</sequence>
  <level>START</level>
  <class>com.kms.katalon.core.logging.XmlKeywordLogger</class>
  <method>startSuite</method>
  <thread>1</thread>
  <message>Start Test Suite : Test Suites/suite demo/RegressionSuite</message>
  <nestedLevel>0</nestedLevel>
  <property name="name">RegressionSuite</property>
  <property name="description"></property>
  <property name="id">Test Suites/suite demo/RegressionSuite</property>
</record>
<record>
  <date>2019-10-06T20:46:25</date>
  <millis>1570374985424</millis>
  <sequence>1</sequence>
  <level>RUN_DATA</level>
  <class>com.kms.katalon.core.logging.XmlKeywordLogger</class>
  <method>logMessage</method>
  <thread>1</thread>
  <message>hostName = Sri - DESKTOP-9B3G1M9</message>
  <nestedLevel>0</nestedLevel>
  <property name="hostName">Sri - DESKTOP-9B3G1M9</property>
</record>
<record>
  <date>2019-10-06T20:46:25</date>
  <millis>1570374985426</millis>
  <sequence>2</sequence>
  <level>RUN_DATA</level>
  <class>com.kms.katalon.core.logging.XmlKeywordLogger</class>
  <method>logMessage</method>
  <thread>1</thread>
  <message>os = Windows 10 64bit</message>
  <nestedLevel>0</nestedLevel>
  <property name="os">Windows 10 64bit</property>
</record>
<record>
  <date>2019-10-06T20:46:25</date>
  <millis>1570374985427</millis>
  <sequence>3</sequence>
  <level>RUN_DATA</level>
  <class>com.kms.katalon.core.logging.XmlKeywordLogger</class>
  <method>logMessage</method>
  <thread>1</thread>
  <message>hostAddress = 192.168.43.249</message>
  <nestedLevel>0</nestedLevel>
  <property name="hostAddress">192.168.43.249</property>
</record>
<record>
  <date>2019-10-06T20:46:25</date>
  <millis>1570374985444</millis>
  <sequence>4</sequence>
  <level>RUN_DATA</level>
  <class>com.kms.katalon.core.logging.XmlKeywordLogger</class>
  <method>logMessage</method>
  <thread>1</thread>
  <message>katalonVersion = 6.3.3.11</message>
  <nestedLevel>0</nestedLevel>
  <property name="katalonVersion">6.3.3.11</property>
</record>
<record>
  <date>2019-10-06T20:46:25</date>
  <millis>1570374985987</millis>
  <sequence>5</sequence>
  <level>START</level>
  <class>com.kms.katalon.core.logging.XmlKeywordLogger</class>
  <method>startTest</method>
  <thread>1</thread>
  <message>Start Test Case : Test Cases/List and create users/List users</message>
  <nestedLevel>1</nestedLevel>
  <property name="name">Test Cases/List and create users/List users</property>
  <property name="description"></property>
  <property name="id">Test Cases/List and create users/List users</property>
  <property name="source">C:\\Users\\Sri\\Katalon Studio\\APIAutomationTesting\\Test Cases\\List and create users\\List users.tc</property>
  <property name="tag"></property>
  <property name="isOptional">false</property>
</record>
<record>
  <date>2019-10-06T20:46:26</date>
  <millis>1570374986683</millis>
  <sequence>7</sequence>
  <level>START</level>
  <class>com.kms.katalon.core.logging.XmlKeywordLogger</class>
  <method>startKeyword</method>
  <thread>1</thread>
  <message>Start action : listusers = sendRequest(findTestObject(\&amp;quot;reqres/List all users\&amp;quot;))</message>
  <nestedLevel>1</nestedLevel>
  <property name="startLine">16</property>
  <property name="stepIndex">1</property>
</record>
<record>
  <date>2019-10-06T20:46:30</date>
  <millis>1570374990746</millis>
  <sequence>10</sequence>
  <level>INFO</level>
  <class>com.kms.katalon.core.logging.XmlKeywordLogger</class>
  <method>logMessage</method>
  <thread>1</thread>
  <message>HAR: C:\\Users\\Sri\\Katalon Studio\\APIAutomationTesting\\Reports\\20191006_204617\\suite demo\\RegressionSuite\\20191006_204617\\requests\\main\\0.har</message>
  <nestedLevel>1</nestedLevel>
  <property name="harId">5cc62151-1305-4a38-a972-e175bc4aeb23</property>
</record>
<record>
  <date>2019-10-06T20:46:30</date>
  <millis>1570374990982</millis>
  <sequence>11</sequence>
  <level>PASSED</level>
  <class>com.kms.katalon.core.logging.XmlKeywordLogger</class>
  <method>logMessage</method>
  <thread>1</thread>
  <message>Send request successfully</message>
  <nestedLevel>1</nestedLevel>
</record>
<record>
  <date>2019-10-06T20:46:30</date>
  <millis>1570374990987</millis>
  <sequence>12</sequence>
  <level>END</level>
  <class>com.kms.katalon.core.logging.XmlKeywordLogger</class>
  <method>endKeyword</method>
  <thread>1</thread>
  <message>End action : listusers = sendRequest(findTestObject(\&amp;quot;reqres/List all users\&amp;quot;))</message>
  <nestedLevel>1</nestedLevel>
</record>
<record>
  <date>2019-10-06T20:46:30</date>
  <millis>1570374990989</millis>
  <sequence>13</sequence>
  <level>START</level>
  <class>com.kms.katalon.core.logging.XmlKeywordLogger</class>
  <method>startKeyword</method>
  <thread>1</thread>
  <message>Start action : verifyResponseStatusCode(listusers, 200)</message>
  <nestedLevel>1</nestedLevel>
  <property name="startLine">18</property>
  <property name="stepIndex">2</property>
</record>
<record>
  <date>2019-10-06T20:46:31</date>
  <millis>1570374991008</millis>
  <sequence>15</sequence>
  <level>PASSED</level>
  <class>com.kms.katalon.core.logging.XmlKeywordLogger</class>
  <method>logMessage</method>
  <thread>1</thread>
  <message>Verify response status code successfully</message>
  <nestedLevel>1</nestedLevel>
</record>
<record>
  <date>2019-10-06T20:46:31</date>
  <millis>1570374991009</millis>
  <sequence>16</sequence>
  <level>END</level>
  <class>com.kms.katalon.core.logging.XmlKeywordLogger</class>
  <method>endKeyword</method>
  <thread>1</thread>
  <message>End action : verifyResponseStatusCode(listusers, 200)</message>
  <nestedLevel>1</nestedLevel>
</record>
<record>
  <date>2019-10-06T20:46:31</date>
  <millis>1570374991010</millis>
  <sequence>17</sequence>
  <level>PASSED</level>
  <class>com.kms.katalon.core.logging.XmlKeywordLogger</class>
  <method>logMessage</method>
  <thread>1</thread>
  <message>Test Cases/List and create users/List users</message>
  <nestedLevel>1</nestedLevel>
</record>
<record>
  <date>2019-10-06T20:46:31</date>
  <millis>1570374991029</millis>
  <sequence>18</sequence>
  <level>END</level>
  <class>com.kms.katalon.core.logging.XmlKeywordLogger</class>
  <method>endTest</method>
  <thread>1</thread>
  <message>End Test Case : Test Cases/List and create users/List users</message>
  <nestedLevel>0</nestedLevel>
</record>
<record>
  <date>2019-10-06T20:46:31</date>
  <millis>1570374991049</millis>
  <sequence>19</sequence>
  <level>START</level>
  <class>com.kms.katalon.core.logging.XmlKeywordLogger</class>
  <method>startTest</method>
  <thread>1</thread>
  <message>Start Test Case : Test Cases/List and create users/Create Users</message>
  <nestedLevel>1</nestedLevel>
  <property name="name">Test Cases/List and create users/Create Users</property>
  <property name="description"></property>
  <property name="id">Test Cases/List and create users/Create Users</property>
  <property name="source">C:\\Users\\Sri\\Katalon Studio\\APIAutomationTesting\\Test Cases\\List and create users\\Create Users.tc</property>
  <property name="tag"></property>
  <property name="isOptional">false</property>
</record>
<record>
  <date>2019-10-06T20:46:31</date>
  <millis>1570374991532</millis>
  <sequence>21</sequence>
  <level>START</level>
  <class>com.kms.katalon.core.logging.XmlKeywordLogger</class>
  <method>startKeyword</method>
  <thread>1</thread>
  <message>Start action : createuser = sendRequest(findTestObject(\&amp;quot;reqres/Create new User\&amp;quot;))</message>
  <nestedLevel>1</nestedLevel>
  <property name="startLine">16</property>
  <property name="stepIndex">1</property>
</record>
<record>
  <date>2019-10-06T20:46:32</date>
  <millis>1570374992876</millis>
  <sequence>24</sequence>
  <level>INFO</level>
  <class>com.kms.katalon.core.logging.XmlKeywordLogger</class>
  <method>logMessage</method>
  <thread>1</thread>
  <message>HAR: C:\\Users\\Sri\\Katalon Studio\\APIAutomationTesting\\Reports\\20191006_204617\\suite demo\\RegressionSuite\\20191006_204617\\requests\\main\\1.har</message>
  <nestedLevel>1</nestedLevel>
  <property name="harId">75043598-c00c-4c71-91c9-061053df5e2c</property>
</record>
<record>
  <date>2019-10-06T20:46:32</date>
  <millis>1570374992938</millis>
  <sequence>25</sequence>
  <level>PASSED</level>
  <class>com.kms.katalon.core.logging.XmlKeywordLogger</class>
  <method>logMessage</method>
  <thread>1</thread>
  <message>Send request successfully</message>
  <nestedLevel>1</nestedLevel>
</record>
<record>
  <date>2019-10-06T20:46:32</date>
  <millis>1570374992939</millis>
  <sequence>26</sequence>
  <level>END</level>
  <class>com.kms.katalon.core.logging.XmlKeywordLogger</class>
  <method>endKeyword</method>
  <thread>1</thread>
  <message>End action : createuser = sendRequest(findTestObject(\&amp;quot;reqres/Create new User\&amp;quot;))</message>
  <nestedLevel>1</nestedLevel>
</record>
<record>
  <date>2019-10-06T20:46:32</date>
  <millis>1570374992940</millis>
  <sequence>27</sequence>
  <level>START</level>
  <class>com.kms.katalon.core.logging.XmlKeywordLogger</class>
  <method>startKeyword</method>
  <thread>1</thread>
  <message>Start action : verifyResponseStatusCode(createuser, 201)</message>
  <nestedLevel>1</nestedLevel>
  <property name="startLine">17</property>
  <property name="stepIndex">2</property>
</record>
<record>
  <date>2019-10-06T20:46:32</date>
  <millis>1570374992944</millis>
  <sequence>29</sequence>
  <level>PASSED</level>
  <class>com.kms.katalon.core.logging.XmlKeywordLogger</class>
  <method>logMessage</method>
  <thread>1</thread>
  <message>Verify response status code successfully</message>
  <nestedLevel>1</nestedLevel>
</record>
<record>
  <date>2019-10-06T20:46:32</date>
  <millis>1570374992945</millis>
  <sequence>30</sequence>
  <level>END</level>
  <class>com.kms.katalon.core.logging.XmlKeywordLogger</class>
  <method>endKeyword</method>
  <thread>1</thread>
  <message>End action : verifyResponseStatusCode(createuser, 201)</message>
  <nestedLevel>1</nestedLevel>
</record>
<record>
  <date>2019-10-06T20:46:32</date>
  <millis>1570374992945</millis>
  <sequence>31</sequence>
  <level>PASSED</level>
  <class>com.kms.katalon.core.logging.XmlKeywordLogger</class>
  <method>logMessage</method>
  <thread>1</thread>
  <message>Test Cases/List and create users/Create Users</message>
  <nestedLevel>1</nestedLevel>
</record>
<record>
  <date>2019-10-06T20:46:32</date>
  <millis>1570374992946</millis>
  <sequence>32</sequence>
  <level>END</level>
  <class>com.kms.katalon.core.logging.XmlKeywordLogger</class>
  <method>endTest</method>
  <thread>1</thread>
  <message>End Test Case : Test Cases/List and create users/Create Users</message>
  <nestedLevel>0</nestedLevel>
</record>
<record>
  <date>2019-10-06T20:46:32</date>
  <millis>1570374992956</millis>
  <sequence>33</sequence>
  <level>START</level>
  <class>com.kms.katalon.core.logging.XmlKeywordLogger</class>
  <method>startTest</method>
  <thread>1</thread>
  <message>Start Test Case : Test Cases/Imgur/Imgur with header</message>
  <nestedLevel>1</nestedLevel>
  <property name="name">Test Cases/Imgur/Imgur with header</property>
  <property name="description"></property>
  <property name="id">Test Cases/Imgur/Imgur with header</property>
  <property name="source">C:\\Users\\Sri\\Katalon Studio\\APIAutomationTesting\\Test Cases\\Imgur\\Imgur with header.tc</property>
  <property name="tag"></property>
  <property name="isOptional">false</property>
</record>
<record>
  <date>2019-10-06T20:46:33</date>
  <millis>1570374993786</millis>
  <sequence>35</sequence>
  <level>START</level>
  <class>com.kms.katalon.core.logging.XmlKeywordLogger</class>
  <method>startKeyword</method>
  <thread>1</thread>
  <message>Start action : imgur = sendRequest(findTestObject(\&amp;quot;reqres/Imgur with http header\&amp;quot;))</message>
  <nestedLevel>1</nestedLevel>
  <property name="startLine">16</property>
  <property name="stepIndex">1</property>
</record>
<record>
  <date>2019-10-06T20:46:35</date>
  <millis>1570374995475</millis>
  <sequence>38</sequence>
  <level>INFO</level>
  <class>com.kms.katalon.core.logging.XmlKeywordLogger</class>
  <method>logMessage</method>
  <thread>1</thread>
  <message>HAR: C:\\Users\\Sri\\Katalon Studio\\APIAutomationTesting\\Reports\\20191006_204617\\suite demo\\RegressionSuite\\20191006_204617\\requests\\main\\2.har</message>
  <nestedLevel>1</nestedLevel>
  <property name="harId">efd87313-9f23-43ad-82be-9644478b6a6e</property>
</record>
<record>
  <date>2019-10-06T20:46:35</date>
  <millis>1570374995523</millis>
  <sequence>39</sequence>
  <level>PASSED</level>
  <class>com.kms.katalon.core.logging.XmlKeywordLogger</class>
  <method>logMessage</method>
  <thread>1</thread>
  <message>Send request successfully</message>
  <nestedLevel>1</nestedLevel>
</record>
<record>
  <date>2019-10-06T20:46:35</date>
  <millis>1570374995525</millis>
  <sequence>40</sequence>
  <level>END</level>
  <class>com.kms.katalon.core.logging.XmlKeywordLogger</class>
  <method>endKeyword</method>
  <thread>1</thread>
  <message>End action : imgur = sendRequest(findTestObject(\&amp;quot;reqres/Imgur with http header\&amp;quot;))</message>
  <nestedLevel>1</nestedLevel>
</record>
<record>
  <date>2019-10-06T20:46:35</date>
  <millis>1570374995526</millis>
  <sequence>41</sequence>
  <level>START</level>
  <class>com.kms.katalon.core.logging.XmlKeywordLogger</class>
  <method>startKeyword</method>
  <thread>1</thread>
  <message>Start action : verifyResponseStatusCode(imgur, 200)</message>
  <nestedLevel>1</nestedLevel>
  <property name="startLine">17</property>
  <property name="stepIndex">2</property>
</record>
<record>
  <date>2019-10-06T20:46:35</date>
  <millis>1570374995531</millis>
  <sequence>43</sequence>
  <level>PASSED</level>
  <class>com.kms.katalon.core.logging.XmlKeywordLogger</class>
  <method>logMessage</method>
  <thread>1</thread>
  <message>Verify response status code successfully</message>
  <nestedLevel>1</nestedLevel>
</record>
<record>
  <date>2019-10-06T20:46:35</date>
  <millis>1570374995533</millis>
  <sequence>44</sequence>
  <level>END</level>
  <class>com.kms.katalon.core.logging.XmlKeywordLogger</class>
  <method>endKeyword</method>
  <thread>1</thread>
  <message>End action : verifyResponseStatusCode(imgur, 200)</message>
  <nestedLevel>1</nestedLevel>
</record>
<record>
  <date>2019-10-06T20:46:35</date>
  <millis>1570374995533</millis>
  <sequence>45</sequence>
  <level>START</level>
  <class>com.kms.katalon.core.logging.XmlKeywordLogger</class>
  <method>startKeyword</method>
  <thread>1</thread>
  <message>Start action : println(\&amp;quot;TEST PASSED\&amp;quot;)</message>
  <nestedLevel>1</nestedLevel>
  <property name="startLine">18</property>
  <property name="stepIndex">3</property>
</record>
<record>
  <date>2019-10-06T20:46:35</date>
  <millis>1570374995556</millis>
  <sequence>46</sequence>
  <level>END</level>
  <class>com.kms.katalon.core.logging.XmlKeywordLogger</class>
  <method>endKeyword</method>
  <thread>1</thread>
  <message>End action : println(\&amp;quot;TEST PASSED\&amp;quot;)</message>
  <nestedLevel>1</nestedLevel>
</record>
<record>
  <date>2019-10-06T20:46:35</date>
  <millis>1570374995556</millis>
  <sequence>47</sequence>
  <level>PASSED</level>
  <class>com.kms.katalon.core.logging.XmlKeywordLogger</class>
  <method>logMessage</method>
  <thread>1</thread>
  <message>Test Cases/Imgur/Imgur with header</message>
  <nestedLevel>1</nestedLevel>
</record>
<record>
  <date>2019-10-06T20:46:35</date>
  <millis>1570374995557</millis>
  <sequence>48</sequence>
  <level>END</level>
  <class>com.kms.katalon.core.logging.XmlKeywordLogger</class>
  <method>endTest</method>
  <thread>1</thread>
  <message>End Test Case : Test Cases/Imgur/Imgur with header</message>
  <nestedLevel>0</nestedLevel>
</record>
<record>
  <date>2019-10-06T20:46:35</date>
  <millis>1570374995735</millis>
  <sequence>49</sequence>
  <level>END</level>
  <class>com.kms.katalon.core.logging.XmlKeywordLogger</class>
  <method>endSuite</method>
  <thread>1</thread>
  <message>End Test Suite : Test Suites/suite demo/RegressionSuite</message>
  <nestedLevel>0</nestedLevel>
</record>
</log>
