<?xml version="1.0" encoding="UTF-8" standalone="no"?>
<!DOCTYPE log SYSTEM "logger.dtd">
<log>
<record>
  <date>2019-10-06T21:42:01</date>
  <millis>1570378321913</millis>
  <sequence>0</sequence>
  <level>START</level>
  <class>com.kms.katalon.core.logging.XmlKeywordLogger</class>
  <method>startSuite</method>
  <thread>1</thread>
  <message>Start Test Suite : Test Suites/master suite/Master suite 1</message>
  <nestedLevel>0</nestedLevel>
  <property name="name">Master suite 1</property>
  <property name="description">Master suite 1</property>
  <property name="id">Test Suites/master suite/Master suite 1</property>
</record>
<record>
  <date>2019-10-06T21:42:01</date>
  <millis>1570378321987</millis>
  <sequence>1</sequence>
  <level>RUN_DATA</level>
  <class>com.kms.katalon.core.logging.XmlKeywordLogger</class>
  <method>logMessage</method>
  <thread>1</thread>
  <message>hostName = Sri - DESKTOP-9B3G1M9</message>
  <nestedLevel>0</nestedLevel>
  <property name="hostName">Sri - DESKTOP-9B3G1M9</property>
</record>
<record>
  <date>2019-10-06T21:42:01</date>
  <millis>1570378321996</millis>
  <sequence>2</sequence>
  <level>RUN_DATA</level>
  <class>com.kms.katalon.core.logging.XmlKeywordLogger</class>
  <method>logMessage</method>
  <thread>1</thread>
  <message>os = Windows 10 64bit</message>
  <nestedLevel>0</nestedLevel>
  <property name="os">Windows 10 64bit</property>
</record>
<record>
  <date>2019-10-06T21:42:01</date>
  <millis>1570378321999</millis>
  <sequence>3</sequence>
  <level>RUN_DATA</level>
  <class>com.kms.katalon.core.logging.XmlKeywordLogger</class>
  <method>logMessage</method>
  <thread>1</thread>
  <message>hostAddress = 192.168.43.249</message>
  <nestedLevel>0</nestedLevel>
  <property name="hostAddress">192.168.43.249</property>
</record>
<record>
  <date>2019-10-06T21:42:02</date>
  <millis>1570378322004</millis>
  <sequence>4</sequence>
  <level>RUN_DATA</level>
  <class>com.kms.katalon.core.logging.XmlKeywordLogger</class>
  <method>logMessage</method>
  <thread>1</thread>
  <message>katalonVersion = 6.3.3.11</message>
  <nestedLevel>0</nestedLevel>
  <property name="katalonVersion">6.3.3.11</property>
</record>
<record>
  <date>2019-10-06T21:42:02</date>
  <millis>1570378322629</millis>
  <sequence>5</sequence>
  <level>START</level>
  <class>com.kms.katalon.core.logging.XmlKeywordLogger</class>
  <method>startTest</method>
  <thread>1</thread>
  <message>Start Test Case : Test Cases/List and create users/List users</message>
  <nestedLevel>1</nestedLevel>
  <property name="name">Test Cases/List and create users/List users</property>
  <property name="description"></property>
  <property name="id">Test Cases/List and create users/List users</property>
  <property name="source">C:\\Users\\Sri\\Katalon Studio\\APIAutomationTesting\\Test Cases\\List and create users\\List users.tc</property>
  <property name="tag"></property>
  <property name="isOptional">false</property>
</record>
<record>
  <date>2019-10-06T21:42:03</date>
  <millis>1570378323141</millis>
  <sequence>7</sequence>
  <level>START</level>
  <class>com.kms.katalon.core.logging.XmlKeywordLogger</class>
  <method>startKeyword</method>
  <thread>1</thread>
  <message>Start action : listusers = sendRequest(findTestObject(\&amp;quot;reqres/List all users\&amp;quot;))</message>
  <nestedLevel>1</nestedLevel>
  <property name="startLine">16</property>
  <property name="stepIndex">1</property>
</record>
<record>
  <date>2019-10-06T21:42:06</date>
  <millis>1570378326254</millis>
  <sequence>10</sequence>
  <level>INFO</level>
  <class>com.kms.katalon.core.logging.XmlKeywordLogger</class>
  <method>logMessage</method>
  <thread>1</thread>
  <message>HAR: C:\\Users\\Sri\\Katalon Studio\\APIAutomationTesting\\Reports\\20191006_214157\\master suite\\Master suite 1\\20191006_214157\\requests\\main\\0.har</message>
  <nestedLevel>1</nestedLevel>
  <property name="harId">299d5b61-7e1b-4729-8226-4d2eae9e3270</property>
</record>
<record>
  <date>2019-10-06T21:42:06</date>
  <millis>1570378326580</millis>
  <sequence>11</sequence>
  <level>PASSED</level>
  <class>com.kms.katalon.core.logging.XmlKeywordLogger</class>
  <method>logMessage</method>
  <thread>1</thread>
  <message>Send request successfully</message>
  <nestedLevel>1</nestedLevel>
</record>
<record>
  <date>2019-10-06T21:42:06</date>
  <millis>1570378326582</millis>
  <sequence>12</sequence>
  <level>END</level>
  <class>com.kms.katalon.core.logging.XmlKeywordLogger</class>
  <method>endKeyword</method>
  <thread>1</thread>
  <message>End action : listusers = sendRequest(findTestObject(\&amp;quot;reqres/List all users\&amp;quot;))</message>
  <nestedLevel>1</nestedLevel>
</record>
<record>
  <date>2019-10-06T21:42:06</date>
  <millis>1570378326594</millis>
  <sequence>13</sequence>
  <level>START</level>
  <class>com.kms.katalon.core.logging.XmlKeywordLogger</class>
  <method>startKeyword</method>
  <thread>1</thread>
  <message>Start action : verifyResponseStatusCode(listusers, 200)</message>
  <nestedLevel>1</nestedLevel>
  <property name="startLine">18</property>
  <property name="stepIndex">2</property>
</record>
<record>
  <date>2019-10-06T21:42:06</date>
  <millis>1570378326657</millis>
  <sequence>15</sequence>
  <level>PASSED</level>
  <class>com.kms.katalon.core.logging.XmlKeywordLogger</class>
  <method>logMessage</method>
  <thread>1</thread>
  <message>Verify response status code successfully</message>
  <nestedLevel>1</nestedLevel>
</record>
<record>
  <date>2019-10-06T21:42:06</date>
  <millis>1570378326658</millis>
  <sequence>16</sequence>
  <level>END</level>
  <class>com.kms.katalon.core.logging.XmlKeywordLogger</class>
  <method>endKeyword</method>
  <thread>1</thread>
  <message>End action : verifyResponseStatusCode(listusers, 200)</message>
  <nestedLevel>1</nestedLevel>
</record>
<record>
  <date>2019-10-06T21:42:06</date>
  <millis>1570378326660</millis>
  <sequence>17</sequence>
  <level>PASSED</level>
  <class>com.kms.katalon.core.logging.XmlKeywordLogger</class>
  <method>logMessage</method>
  <thread>1</thread>
  <message>Test Cases/List and create users/List users</message>
  <nestedLevel>1</nestedLevel>
</record>
<record>
  <date>2019-10-06T21:42:06</date>
  <millis>1570378326664</millis>
  <sequence>18</sequence>
  <level>END</level>
  <class>com.kms.katalon.core.logging.XmlKeywordLogger</class>
  <method>endTest</method>
  <thread>1</thread>
  <message>End Test Case : Test Cases/List and create users/List users</message>
  <nestedLevel>0</nestedLevel>
</record>
<record>
  <date>2019-10-06T21:42:06</date>
  <millis>1570378326682</millis>
  <sequence>19</sequence>
  <level>START</level>
  <class>com.kms.katalon.core.logging.XmlKeywordLogger</class>
  <method>startTest</method>
  <thread>1</thread>
  <message>Start Test Case : Test Cases/List and create users/Create Users</message>
  <nestedLevel>1</nestedLevel>
  <property name="name">Test Cases/List and create users/Create Users</property>
  <property name="description"></property>
  <property name="id">Test Cases/List and create users/Create Users</property>
  <property name="source">C:\\Users\\Sri\\Katalon Studio\\APIAutomationTesting\\Test Cases\\List and create users\\Create Users.tc</property>
  <property name="tag"></property>
  <property name="isOptional">false</property>
</record>
<record>
  <date>2019-10-06T21:42:07</date>
  <millis>1570378327329</millis>
  <sequence>21</sequence>
  <level>START</level>
  <class>com.kms.katalon.core.logging.XmlKeywordLogger</class>
  <method>startKeyword</method>
  <thread>1</thread>
  <message>Start action : createuser = sendRequest(findTestObject(\&amp;quot;reqres/Create new User\&amp;quot;))</message>
  <nestedLevel>1</nestedLevel>
  <property name="startLine">16</property>
  <property name="stepIndex">1</property>
</record>
<record>
  <date>2019-10-06T21:42:08</date>
  <millis>1570378328852</millis>
  <sequence>24</sequence>
  <level>INFO</level>
  <class>com.kms.katalon.core.logging.XmlKeywordLogger</class>
  <method>logMessage</method>
  <thread>1</thread>
  <message>HAR: C:\\Users\\Sri\\Katalon Studio\\APIAutomationTesting\\Reports\\20191006_214157\\master suite\\Master suite 1\\20191006_214157\\requests\\main\\1.har</message>
  <nestedLevel>1</nestedLevel>
  <property name="harId">72b7f04b-2ad8-4c8f-9d0d-891c6fa79801</property>
</record>
<record>
  <date>2019-10-06T21:42:08</date>
  <millis>1570378328873</millis>
  <sequence>25</sequence>
  <level>PASSED</level>
  <class>com.kms.katalon.core.logging.XmlKeywordLogger</class>
  <method>logMessage</method>
  <thread>1</thread>
  <message>Send request successfully</message>
  <nestedLevel>1</nestedLevel>
</record>
<record>
  <date>2019-10-06T21:42:08</date>
  <millis>1570378328874</millis>
  <sequence>26</sequence>
  <level>END</level>
  <class>com.kms.katalon.core.logging.XmlKeywordLogger</class>
  <method>endKeyword</method>
  <thread>1</thread>
  <message>End action : createuser = sendRequest(findTestObject(\&amp;quot;reqres/Create new User\&amp;quot;))</message>
  <nestedLevel>1</nestedLevel>
</record>
<record>
  <date>2019-10-06T21:42:08</date>
  <millis>1570378328874</millis>
  <sequence>27</sequence>
  <level>START</level>
  <class>com.kms.katalon.core.logging.XmlKeywordLogger</class>
  <method>startKeyword</method>
  <thread>1</thread>
  <message>Start action : verifyResponseStatusCode(createuser, 201)</message>
  <nestedLevel>1</nestedLevel>
  <property name="startLine">17</property>
  <property name="stepIndex">2</property>
</record>
<record>
  <date>2019-10-06T21:42:08</date>
  <millis>1570378328879</millis>
  <sequence>29</sequence>
  <level>PASSED</level>
  <class>com.kms.katalon.core.logging.XmlKeywordLogger</class>
  <method>logMessage</method>
  <thread>1</thread>
  <message>Verify response status code successfully</message>
  <nestedLevel>1</nestedLevel>
</record>
<record>
  <date>2019-10-06T21:42:08</date>
  <millis>1570378328879</millis>
  <sequence>30</sequence>
  <level>END</level>
  <class>com.kms.katalon.core.logging.XmlKeywordLogger</class>
  <method>endKeyword</method>
  <thread>1</thread>
  <message>End action : verifyResponseStatusCode(createuser, 201)</message>
  <nestedLevel>1</nestedLevel>
</record>
<record>
  <date>2019-10-06T21:42:08</date>
  <millis>1570378328880</millis>
  <sequence>31</sequence>
  <level>PASSED</level>
  <class>com.kms.katalon.core.logging.XmlKeywordLogger</class>
  <method>logMessage</method>
  <thread>1</thread>
  <message>Test Cases/List and create users/Create Users</message>
  <nestedLevel>1</nestedLevel>
</record>
<record>
  <date>2019-10-06T21:42:08</date>
  <millis>1570378328881</millis>
  <sequence>32</sequence>
  <level>END</level>
  <class>com.kms.katalon.core.logging.XmlKeywordLogger</class>
  <method>endTest</method>
  <thread>1</thread>
  <message>End Test Case : Test Cases/List and create users/Create Users</message>
  <nestedLevel>0</nestedLevel>
</record>
<record>
  <date>2019-10-06T21:42:08</date>
  <millis>1570378328891</millis>
  <sequence>33</sequence>
  <level>START</level>
  <class>com.kms.katalon.core.logging.XmlKeywordLogger</class>
  <method>startTest</method>
  <thread>1</thread>
  <message>Start Test Case : Test Cases/Imgur/Imgur with header</message>
  <nestedLevel>1</nestedLevel>
  <property name="name">Test Cases/Imgur/Imgur with header</property>
  <property name="description"></property>
  <property name="id">Test Cases/Imgur/Imgur with header</property>
  <property name="source">C:\\Users\\Sri\\Katalon Studio\\APIAutomationTesting\\Test Cases\\Imgur\\Imgur with header.tc</property>
  <property name="tag"></property>
  <property name="isOptional">false</property>
</record>
<record>
  <date>2019-10-06T21:42:09</date>
  <millis>1570378329220</millis>
  <sequence>35</sequence>
  <level>START</level>
  <class>com.kms.katalon.core.logging.XmlKeywordLogger</class>
  <method>startKeyword</method>
  <thread>1</thread>
  <message>Start action : imgur = sendRequest(findTestObject(\&amp;quot;reqres/Imgur with http header\&amp;quot;))</message>
  <nestedLevel>1</nestedLevel>
  <property name="startLine">16</property>
  <property name="stepIndex">1</property>
</record>
<record>
  <date>2019-10-06T21:42:11</date>
  <millis>1570378331825</millis>
  <sequence>38</sequence>
  <level>INFO</level>
  <class>com.kms.katalon.core.logging.XmlKeywordLogger</class>
  <method>logMessage</method>
  <thread>1</thread>
  <message>HAR: C:\\Users\\Sri\\Katalon Studio\\APIAutomationTesting\\Reports\\20191006_214157\\master suite\\Master suite 1\\20191006_214157\\requests\\main\\2.har</message>
  <nestedLevel>1</nestedLevel>
  <property name="harId">27d55bba-79c0-431f-b3d2-9e9797097914</property>
</record>
<record>
  <date>2019-10-06T21:42:11</date>
  <millis>1570378331880</millis>
  <sequence>39</sequence>
  <level>PASSED</level>
  <class>com.kms.katalon.core.logging.XmlKeywordLogger</class>
  <method>logMessage</method>
  <thread>1</thread>
  <message>Send request successfully</message>
  <nestedLevel>1</nestedLevel>
</record>
<record>
  <date>2019-10-06T21:42:11</date>
  <millis>1570378331882</millis>
  <sequence>40</sequence>
  <level>END</level>
  <class>com.kms.katalon.core.logging.XmlKeywordLogger</class>
  <method>endKeyword</method>
  <thread>1</thread>
  <message>End action : imgur = sendRequest(findTestObject(\&amp;quot;reqres/Imgur with http header\&amp;quot;))</message>
  <nestedLevel>1</nestedLevel>
</record>
<record>
  <date>2019-10-06T21:42:11</date>
  <millis>1570378331883</millis>
  <sequence>41</sequence>
  <level>START</level>
  <class>com.kms.katalon.core.logging.XmlKeywordLogger</class>
  <method>startKeyword</method>
  <thread>1</thread>
  <message>Start action : verifyResponseStatusCode(imgur, 200)</message>
  <nestedLevel>1</nestedLevel>
  <property name="startLine">17</property>
  <property name="stepIndex">2</property>
</record>
<record>
  <date>2019-10-06T21:42:11</date>
  <millis>1570378331890</millis>
  <sequence>43</sequence>
  <level>PASSED</level>
  <class>com.kms.katalon.core.logging.XmlKeywordLogger</class>
  <method>logMessage</method>
  <thread>1</thread>
  <message>Verify response status code successfully</message>
  <nestedLevel>1</nestedLevel>
</record>
<record>
  <date>2019-10-06T21:42:11</date>
  <millis>1570378331893</millis>
  <sequence>44</sequence>
  <level>END</level>
  <class>com.kms.katalon.core.logging.XmlKeywordLogger</class>
  <method>endKeyword</method>
  <thread>1</thread>
  <message>End action : verifyResponseStatusCode(imgur, 200)</message>
  <nestedLevel>1</nestedLevel>
</record>
<record>
  <date>2019-10-06T21:42:11</date>
  <millis>1570378331894</millis>
  <sequence>45</sequence>
  <level>START</level>
  <class>com.kms.katalon.core.logging.XmlKeywordLogger</class>
  <method>startKeyword</method>
  <thread>1</thread>
  <message>Start action : println(\&amp;quot;TEST PASSED\&amp;quot;)</message>
  <nestedLevel>1</nestedLevel>
  <property name="startLine">18</property>
  <property name="stepIndex">3</property>
</record>
<record>
  <date>2019-10-06T21:42:11</date>
  <millis>1570378331906</millis>
  <sequence>46</sequence>
  <level>END</level>
  <class>com.kms.katalon.core.logging.XmlKeywordLogger</class>
  <method>endKeyword</method>
  <thread>1</thread>
  <message>End action : println(\&amp;quot;TEST PASSED\&amp;quot;)</message>
  <nestedLevel>1</nestedLevel>
</record>
<record>
  <date>2019-10-06T21:42:11</date>
  <millis>1570378331907</millis>
  <sequence>47</sequence>
  <level>PASSED</level>
  <class>com.kms.katalon.core.logging.XmlKeywordLogger</class>
  <method>logMessage</method>
  <thread>1</thread>
  <message>Test Cases/Imgur/Imgur with header</message>
  <nestedLevel>1</nestedLevel>
</record>
<record>
  <date>2019-10-06T21:42:11</date>
  <millis>1570378331908</millis>
  <sequence>48</sequence>
  <level>END</level>
  <class>com.kms.katalon.core.logging.XmlKeywordLogger</class>
  <method>endTest</method>
  <thread>1</thread>
  <message>End Test Case : Test Cases/Imgur/Imgur with header</message>
  <nestedLevel>0</nestedLevel>
</record>
<record>
  <date>2019-10-06T21:42:11</date>
  <millis>1570378331910</millis>
  <sequence>49</sequence>
  <level>START</level>
  <class>com.kms.katalon.core.logging.XmlKeywordLogger</class>
  <method>startKeyword</method>
  <thread>1</thread>
  <message>Start listener action : exportKatalonReports</message>
  <nestedLevel>0</nestedLevel>
</record>
<record>
  <date>2019-10-06T21:42:12</date>
  <millis>1570378332175</millis>
  <sequence>127</sequence>
  <level>INFO</level>
  <class>com.kms.katalon.core.logging.XmlKeywordLogger</class>
  <method>logMessage</method>
  <thread>1</thread>
  <message>Start generating HTML report folder at: C:\\Users\\Sri\\Katalon Studio\\APIAutomationTesting\\Reports\\20191006_214157\\master suite\\Master suite 1\\20191006_214157...</message>
  <nestedLevel>0</nestedLevel>
</record>
<record>
  <date>2019-10-06T21:42:12</date>
  <millis>1570378332991</millis>
  <sequence>128</sequence>
  <level>INFO</level>
  <class>com.kms.katalon.core.logging.XmlKeywordLogger</class>
  <method>logMessage</method>
  <thread>1</thread>
  <message>HTML report generated</message>
  <nestedLevel>0</nestedLevel>
</record>
<record>
  <date>2019-10-06T21:42:12</date>
  <millis>1570378332993</millis>
  <sequence>129</sequence>
  <level>INFO</level>
  <class>com.kms.katalon.core.logging.XmlKeywordLogger</class>
  <method>logMessage</method>
  <thread>1</thread>
  <message>Start generating CSV report folder at: C:\\Users\\Sri\\Katalon Studio\\APIAutomationTesting\\Reports\\20191006_214157\\master suite\\Master suite 1\\20191006_214157...</message>
  <nestedLevel>0</nestedLevel>
</record>
<record>
  <date>2019-10-06T21:42:13</date>
  <millis>1570378333052</millis>
  <sequence>130</sequence>
  <level>INFO</level>
  <class>com.kms.katalon.core.logging.XmlKeywordLogger</class>
  <method>logMessage</method>
  <thread>1</thread>
  <message>CSV report generated</message>
  <nestedLevel>0</nestedLevel>
</record>
<record>
  <date>2019-10-06T21:42:13</date>
  <millis>1570378333054</millis>
  <sequence>131</sequence>
  <level>INFO</level>
  <class>com.kms.katalon.core.logging.XmlKeywordLogger</class>
  <method>logMessage</method>
  <thread>1</thread>
  <message>Start generating JUnit report folder at: C:\\Users\\Sri\\Katalon Studio\\APIAutomationTesting\\Reports\\20191006_214157\\master suite\\Master suite 1\\20191006_214157...</message>
  <nestedLevel>0</nestedLevel>
</record>
<record>
  <date>2019-10-06T21:42:13</date>
  <millis>1570378333340</millis>
  <sequence>132</sequence>
  <level>INFO</level>
  <class>com.kms.katalon.core.logging.XmlKeywordLogger</class>
  <method>logMessage</method>
  <thread>1</thread>
  <message>JUnit report generated</message>
  <nestedLevel>0</nestedLevel>
</record>
<record>
  <date>2019-10-06T21:42:13</date>
  <millis>1570378333343</millis>
  <sequence>134</sequence>
  <level>END</level>
  <class>com.kms.katalon.core.logging.XmlKeywordLogger</class>
  <method>endKeyword</method>
  <thread>1</thread>
  <message>End listener action : exportKatalonReports</message>
  <nestedLevel>0</nestedLevel>
</record>
<record>
  <date>2019-10-06T21:42:13</date>
  <millis>1570378333458</millis>
  <sequence>135</sequence>
  <level>END</level>
  <class>com.kms.katalon.core.logging.XmlKeywordLogger</class>
  <method>endSuite</method>
  <thread>1</thread>
  <message>End Test Suite : Test Suites/master suite/Master suite 1</message>
  <nestedLevel>0</nestedLevel>
</record>
</log>