<?xml version="1.0" encoding="UTF-8" standalone="no"?>
<!DOCTYPE log SYSTEM "logger.dtd">
<log>
<record>
  <date>2019-10-06T22:14:54</date>
  <millis>1570380294787</millis>
  <sequence>0</sequence>
  <level>START</level>
  <class>com.kms.katalon.core.logging.XmlKeywordLogger</class>
  <method>startSuite</method>
  <thread>1</thread>
  <message>Start Test Suite : Test Suites/master suite/Suite 2</message>
  <nestedLevel>0</nestedLevel>
  <property name="name">Suite 2</property>
  <property name="description"></property>
  <property name="id">Test Suites/master suite/Suite 2</property>
</record>
<record>
  <date>2019-10-06T22:14:54</date>
  <millis>1570380294827</millis>
  <sequence>1</sequence>
  <level>RUN_DATA</level>
  <class>com.kms.katalon.core.logging.XmlKeywordLogger</class>
  <method>logMessage</method>
  <thread>1</thread>
  <message>hostName = Sri - DESKTOP-9B3G1M9</message>
  <nestedLevel>0</nestedLevel>
  <property name="hostName">Sri - DESKTOP-9B3G1M9</property>
</record>
<record>
  <date>2019-10-06T22:14:54</date>
  <millis>1570380294829</millis>
  <sequence>2</sequence>
  <level>RUN_DATA</level>
  <class>com.kms.katalon.core.logging.XmlKeywordLogger</class>
  <method>logMessage</method>
  <thread>1</thread>
  <message>os = Windows 10 64bit</message>
  <nestedLevel>0</nestedLevel>
  <property name="os">Windows 10 64bit</property>
</record>
<record>
  <date>2019-10-06T22:14:54</date>
  <millis>1570380294830</millis>
  <sequence>3</sequence>
  <level>RUN_DATA</level>
  <class>com.kms.katalon.core.logging.XmlKeywordLogger</class>
  <method>logMessage</method>
  <thread>1</thread>
  <message>hostAddress = 192.168.43.249</message>
  <nestedLevel>0</nestedLevel>
  <property name="hostAddress">192.168.43.249</property>
</record>
<record>
  <date>2019-10-06T22:14:54</date>
  <millis>1570380294837</millis>
  <sequence>4</sequence>
  <level>RUN_DATA</level>
  <class>com.kms.katalon.core.logging.XmlKeywordLogger</class>
  <method>logMessage</method>
  <thread>1</thread>
  <message>katalonVersion = 6.3.3.11</message>
  <nestedLevel>0</nestedLevel>
  <property name="katalonVersion">6.3.3.11</property>
</record>
<record>
  <date>2019-10-06T22:14:55</date>
  <millis>1570380295440</millis>
  <sequence>5</sequence>
  <level>START</level>
  <class>com.kms.katalon.core.logging.XmlKeywordLogger</class>
  <method>startTest</method>
  <thread>1</thread>
  <message>Start Test Case : Test Cases/Imgur/Imgur with header</message>
  <nestedLevel>1</nestedLevel>
  <property name="name">Test Cases/Imgur/Imgur with header</property>
  <property name="description"></property>
  <property name="id">Test Cases/Imgur/Imgur with header</property>
  <property name="source">C:\\Users\\Sri\\Katalon Studio\\APIAutomationTesting\\Test Cases\\Imgur\\Imgur with header.tc</property>
  <property name="tag"></property>
  <property name="isOptional">false</property>
</record>
<record>
  <date>2019-10-06T22:14:56</date>
  <millis>1570380296179</millis>
  <sequence>7</sequence>
  <level>START</level>
  <class>com.kms.katalon.core.logging.XmlKeywordLogger</class>
  <method>startKeyword</method>
  <thread>1</thread>
  <message>Start action : imgur = sendRequest(findTestObject(\&amp;quot;reqres/Imgur with http header\&amp;quot;))</message>
  <nestedLevel>1</nestedLevel>
  <property name="startLine">16</property>
  <property name="stepIndex">1</property>
</record>
<record>
  <date>2019-10-06T22:15:04</date>
  <millis>1570380304320</millis>
  <sequence>10</sequence>
  <level>INFO</level>
  <class>com.kms.katalon.core.logging.XmlKeywordLogger</class>
  <method>logMessage</method>
  <thread>1</thread>
  <message>HAR: C:\\Users\\Sri\\Katalon Studio\\APIAutomationTesting\\Reports\\20191006_221429\\master suite\\Suite 2\\20191006_221429\\requests\\main\\0.har</message>
  <nestedLevel>1</nestedLevel>
  <property name="harId">af3f7b78-9b3b-49a5-9850-eebf6a40bcc3</property>
</record>
<record>
  <date>2019-10-06T22:15:04</date>
  <millis>1570380304724</millis>
  <sequence>11</sequence>
  <level>PASSED</level>
  <class>com.kms.katalon.core.logging.XmlKeywordLogger</class>
  <method>logMessage</method>
  <thread>1</thread>
  <message>Send request successfully</message>
  <nestedLevel>1</nestedLevel>
</record>
<record>
  <date>2019-10-06T22:15:04</date>
  <millis>1570380304726</millis>
  <sequence>12</sequence>
  <level>END</level>
  <class>com.kms.katalon.core.logging.XmlKeywordLogger</class>
  <method>endKeyword</method>
  <thread>1</thread>
  <message>End action : imgur = sendRequest(findTestObject(\&amp;quot;reqres/Imgur with http header\&amp;quot;))</message>
  <nestedLevel>1</nestedLevel>
</record>
<record>
  <date>2019-10-06T22:15:04</date>
  <millis>1570380304728</millis>
  <sequence>13</sequence>
  <level>START</level>
  <class>com.kms.katalon.core.logging.XmlKeywordLogger</class>
  <method>startKeyword</method>
  <thread>1</thread>
  <message>Start action : verifyResponseStatusCode(imgur, 200)</message>
  <nestedLevel>1</nestedLevel>
  <property name="startLine">17</property>
  <property name="stepIndex">2</property>
</record>
<record>
  <date>2019-10-06T22:15:04</date>
  <millis>1570380304748</millis>
  <sequence>15</sequence>
  <level>PASSED</level>
  <class>com.kms.katalon.core.logging.XmlKeywordLogger</class>
  <method>logMessage</method>
  <thread>1</thread>
  <message>Verify response status code successfully</message>
  <nestedLevel>1</nestedLevel>
</record>
<record>
  <date>2019-10-06T22:15:04</date>
  <millis>1570380304750</millis>
  <sequence>16</sequence>
  <level>END</level>
  <class>com.kms.katalon.core.logging.XmlKeywordLogger</class>
  <method>endKeyword</method>
  <thread>1</thread>
  <message>End action : verifyResponseStatusCode(imgur, 200)</message>
  <nestedLevel>1</nestedLevel>
</record>
<record>
  <date>2019-10-06T22:15:04</date>
  <millis>1570380304750</millis>
  <sequence>17</sequence>
  <level>START</level>
  <class>com.kms.katalon.core.logging.XmlKeywordLogger</class>
  <method>startKeyword</method>
  <thread>1</thread>
  <message>Start action : println(\&amp;quot;TEST PASSED\&amp;quot;)</message>
  <nestedLevel>1</nestedLevel>
  <property name="startLine">18</property>
  <property name="stepIndex">3</property>
</record>
<record>
  <date>2019-10-06T22:15:04</date>
  <millis>1570380304772</millis>
  <sequence>18</sequence>
  <level>END</level>
  <class>com.kms.katalon.core.logging.XmlKeywordLogger</class>
  <method>endKeyword</method>
  <thread>1</thread>
  <message>End action : println(\&amp;quot;TEST PASSED\&amp;quot;)</message>
  <nestedLevel>1</nestedLevel>
</record>
<record>
  <date>2019-10-06T22:15:04</date>
  <millis>1570380304773</millis>
  <sequence>19</sequence>
  <level>PASSED</level>
  <class>com.kms.katalon.core.logging.XmlKeywordLogger</class>
  <method>logMessage</method>
  <thread>1</thread>
  <message>Test Cases/Imgur/Imgur with header</message>
  <nestedLevel>1</nestedLevel>
</record>
<record>
  <date>2019-10-06T22:15:04</date>
  <millis>1570380304778</millis>
  <sequence>20</sequence>
  <level>END</level>
  <class>com.kms.katalon.core.logging.XmlKeywordLogger</class>
  <method>endTest</method>
  <thread>1</thread>
  <message>End Test Case : Test Cases/Imgur/Imgur with header</message>
  <nestedLevel>0</nestedLevel>
</record>
<record>
  <date>2019-10-06T22:15:04</date>
  <millis>1570380304818</millis>
  <sequence>21</sequence>
  <level>START</level>
  <class>com.kms.katalon.core.logging.XmlKeywordLogger</class>
  <method>startTest</method>
  <thread>1</thread>
  <message>Start Test Case : Test Cases/List and create users/Create Users</message>
  <nestedLevel>1</nestedLevel>
  <property name="name">Test Cases/List and create users/Create Users</property>
  <property name="description"></property>
  <property name="id">Test Cases/List and create users/Create Users</property>
  <property name="source">C:\\Users\\Sri\\Katalon Studio\\APIAutomationTesting\\Test Cases\\List and create users\\Create Users.tc</property>
  <property name="tag"></property>
  <property name="isOptional">false</property>
</record>
<record>
  <date>2019-10-06T22:15:05</date>
  <millis>1570380305374</millis>
  <sequence>23</sequence>
  <level>START</level>
  <class>com.kms.katalon.core.logging.XmlKeywordLogger</class>
  <method>startKeyword</method>
  <thread>1</thread>
  <message>Start action : createuser = sendRequest(findTestObject(\&amp;quot;reqres/Create new User\&amp;quot;))</message>
  <nestedLevel>1</nestedLevel>
  <property name="startLine">16</property>
  <property name="stepIndex">1</property>
</record>
<record>
  <date>2019-10-06T22:15:06</date>
  <millis>1570380306888</millis>
  <sequence>26</sequence>
  <level>INFO</level>
  <class>com.kms.katalon.core.logging.XmlKeywordLogger</class>
  <method>logMessage</method>
  <thread>1</thread>
  <message>HAR: C:\\Users\\Sri\\Katalon Studio\\APIAutomationTesting\\Reports\\20191006_221429\\master suite\\Suite 2\\20191006_221429\\requests\\main\\1.har</message>
  <nestedLevel>1</nestedLevel>
  <property name="harId">74231878-71b1-40ba-9170-c25994b0ed12</property>
</record>
<record>
  <date>2019-10-06T22:15:06</date>
  <millis>1570380306902</millis>
  <sequence>27</sequence>
  <level>PASSED</level>
  <class>com.kms.katalon.core.logging.XmlKeywordLogger</class>
  <method>logMessage</method>
  <thread>1</thread>
  <message>Send request successfully</message>
  <nestedLevel>1</nestedLevel>
</record>
<record>
  <date>2019-10-06T22:15:06</date>
  <millis>1570380306903</millis>
  <sequence>28</sequence>
  <level>END</level>
  <class>com.kms.katalon.core.logging.XmlKeywordLogger</class>
  <method>endKeyword</method>
  <thread>1</thread>
  <message>End action : createuser = sendRequest(findTestObject(\&amp;quot;reqres/Create new User\&amp;quot;))</message>
  <nestedLevel>1</nestedLevel>
</record>
<record>
  <date>2019-10-06T22:15:06</date>
  <millis>1570380306904</millis>
  <sequence>29</sequence>
  <level>START</level>
  <class>com.kms.katalon.core.logging.XmlKeywordLogger</class>
  <method>startKeyword</method>
  <thread>1</thread>
  <message>Start action : verifyResponseStatusCode(createuser, 201)</message>
  <nestedLevel>1</nestedLevel>
  <property name="startLine">17</property>
  <property name="stepIndex">2</property>
</record>
<record>
  <date>2019-10-06T22:15:06</date>
  <millis>1570380306908</millis>
  <sequence>31</sequence>
  <level>PASSED</level>
  <class>com.kms.katalon.core.logging.XmlKeywordLogger</class>
  <method>logMessage</method>
  <thread>1</thread>
  <message>Verify response status code successfully</message>
  <nestedLevel>1</nestedLevel>
</record>
<record>
  <date>2019-10-06T22:15:06</date>
  <millis>1570380306908</millis>
  <sequence>32</sequence>
  <level>END</level>
  <class>com.kms.katalon.core.logging.XmlKeywordLogger</class>
  <method>endKeyword</method>
  <thread>1</thread>
  <message>End action : verifyResponseStatusCode(createuser, 201)</message>
  <nestedLevel>1</nestedLevel>
</record>
<record>
  <date>2019-10-06T22:15:06</date>
  <millis>1570380306909</millis>
  <sequence>33</sequence>
  <level>PASSED</level>
  <class>com.kms.katalon.core.logging.XmlKeywordLogger</class>
  <method>logMessage</method>
  <thread>1</thread>
  <message>Test Cases/List and create users/Create Users</message>
  <nestedLevel>1</nestedLevel>
</record>
<record>
  <date>2019-10-06T22:15:06</date>
  <millis>1570380306909</millis>
  <sequence>34</sequence>
  <level>END</level>
  <class>com.kms.katalon.core.logging.XmlKeywordLogger</class>
  <method>endTest</method>
  <thread>1</thread>
  <message>End Test Case : Test Cases/List and create users/Create Users</message>
  <nestedLevel>0</nestedLevel>
</record>
<record>
  <date>2019-10-06T22:15:06</date>
  <millis>1570380306916</millis>
  <sequence>35</sequence>
  <level>START</level>
  <class>com.kms.katalon.core.logging.XmlKeywordLogger</class>
  <method>startTest</method>
  <thread>1</thread>
  <message>Start Test Case : Test Cases/List and create users/List users</message>
  <nestedLevel>1</nestedLevel>
  <property name="name">Test Cases/List and create users/List users</property>
  <property name="description"></property>
  <property name="id">Test Cases/List and create users/List users</property>
  <property name="source">C:\\Users\\Sri\\Katalon Studio\\APIAutomationTesting\\Test Cases\\List and create users\\List users.tc</property>
  <property name="tag"></property>
  <property name="isOptional">false</property>
</record>
<record>
  <date>2019-10-06T22:15:07</date>
  <millis>1570380307297</millis>
  <sequence>37</sequence>
  <level>START</level>
  <class>com.kms.katalon.core.logging.XmlKeywordLogger</class>
  <method>startKeyword</method>
  <thread>1</thread>
  <message>Start action : listusers = sendRequest(findTestObject(\&amp;quot;reqres/List all users\&amp;quot;))</message>
  <nestedLevel>1</nestedLevel>
  <property name="startLine">16</property>
  <property name="stepIndex">1</property>
</record>
<record>
  <date>2019-10-06T22:15:08</date>
  <millis>1570380308118</millis>
  <sequence>40</sequence>
  <level>INFO</level>
  <class>com.kms.katalon.core.logging.XmlKeywordLogger</class>
  <method>logMessage</method>
  <thread>1</thread>
  <message>HAR: C:\\Users\\Sri\\Katalon Studio\\APIAutomationTesting\\Reports\\20191006_221429\\master suite\\Suite 2\\20191006_221429\\requests\\main\\2.har</message>
  <nestedLevel>1</nestedLevel>
  <property name="harId">62246598-8f64-49de-9513-5943bc0b9d5d</property>
</record>
<record>
  <date>2019-10-06T22:15:08</date>
  <millis>1570380308188</millis>
  <sequence>41</sequence>
  <level>PASSED</level>
  <class>com.kms.katalon.core.logging.XmlKeywordLogger</class>
  <method>logMessage</method>
  <thread>1</thread>
  <message>Send request successfully</message>
  <nestedLevel>1</nestedLevel>
</record>
<record>
  <date>2019-10-06T22:15:08</date>
  <millis>1570380308189</millis>
  <sequence>42</sequence>
  <level>END</level>
  <class>com.kms.katalon.core.logging.XmlKeywordLogger</class>
  <method>endKeyword</method>
  <thread>1</thread>
  <message>End action : listusers = sendRequest(findTestObject(\&amp;quot;reqres/List all users\&amp;quot;))</message>
  <nestedLevel>1</nestedLevel>
</record>
<record>
  <date>2019-10-06T22:15:08</date>
  <millis>1570380308190</millis>
  <sequence>43</sequence>
  <level>START</level>
  <class>com.kms.katalon.core.logging.XmlKeywordLogger</class>
  <method>startKeyword</method>
  <thread>1</thread>
  <message>Start action : verifyResponseStatusCode(listusers, 200)</message>
  <nestedLevel>1</nestedLevel>
  <property name="startLine">18</property>
  <property name="stepIndex">2</property>
</record>
<record>
  <date>2019-10-06T22:15:08</date>
  <millis>1570380308193</millis>
  <sequence>45</sequence>
  <level>PASSED</level>
  <class>com.kms.katalon.core.logging.XmlKeywordLogger</class>
  <method>logMessage</method>
  <thread>1</thread>
  <message>Verify response status code successfully</message>
  <nestedLevel>1</nestedLevel>
</record>
<record>
  <date>2019-10-06T22:15:08</date>
  <millis>1570380308194</millis>
  <sequence>46</sequence>
  <level>END</level>
  <class>com.kms.katalon.core.logging.XmlKeywordLogger</class>
  <method>endKeyword</method>
  <thread>1</thread>
  <message>End action : verifyResponseStatusCode(listusers, 200)</message>
  <nestedLevel>1</nestedLevel>
</record>
<record>
  <date>2019-10-06T22:15:08</date>
  <millis>1570380308194</millis>
  <sequence>47</sequence>
  <level>PASSED</level>
  <class>com.kms.katalon.core.logging.XmlKeywordLogger</class>
  <method>logMessage</method>
  <thread>1</thread>
  <message>Test Cases/List and create users/List users</message>
  <nestedLevel>1</nestedLevel>
</record>
<record>
  <date>2019-10-06T22:15:08</date>
  <millis>1570380308195</millis>
  <sequence>48</sequence>
  <level>END</level>
  <class>com.kms.katalon.core.logging.XmlKeywordLogger</class>
  <method>endTest</method>
  <thread>1</thread>
  <message>End Test Case : Test Cases/List and create users/List users</message>
  <nestedLevel>0</nestedLevel>
</record>
<record>
  <date>2019-10-06T22:15:08</date>
  <millis>1570380308196</millis>
  <sequence>49</sequence>
  <level>START</level>
  <class>com.kms.katalon.core.logging.XmlKeywordLogger</class>
  <method>startKeyword</method>
  <thread>1</thread>
  <message>Start listener action : exportKatalonReports</message>
  <nestedLevel>0</nestedLevel>
</record>
<record>
  <date>2019-10-06T22:15:08</date>
  <millis>1570380308892</millis>
  <sequence>127</sequence>
  <level>INFO</level>
  <class>com.kms.katalon.core.logging.XmlKeywordLogger</class>
  <method>logMessage</method>
  <thread>1</thread>
  <message>Start generating HTML report folder at: C:\\Users\\Sri\\Katalon Studio\\APIAutomationTesting\\Reports\\20191006_221429\\master suite\\Suite 2\\20191006_221429...</message>
  <nestedLevel>0</nestedLevel>
</record>
<record>
  <date>2019-10-06T22:15:11</date>
  <millis>1570380311489</millis>
  <sequence>128</sequence>
  <level>INFO</level>
  <class>com.kms.katalon.core.logging.XmlKeywordLogger</class>
  <method>logMessage</method>
  <thread>1</thread>
  <message>HTML report generated</message>
  <nestedLevel>0</nestedLevel>
</record>
<record>
  <date>2019-10-06T22:15:11</date>
  <millis>1570380311490</millis>
  <sequence>129</sequence>
  <level>INFO</level>
  <class>com.kms.katalon.core.logging.XmlKeywordLogger</class>
  <method>logMessage</method>
  <thread>1</thread>
  <message>Start generating CSV report folder at: C:\\Users\\Sri\\Katalon Studio\\APIAutomationTesting\\Reports\\20191006_221429\\master suite\\Suite 2\\20191006_221429...</message>
  <nestedLevel>0</nestedLevel>
</record>
<record>
  <date>2019-10-06T22:15:11</date>
  <millis>1570380311810</millis>
  <sequence>130</sequence>
  <level>INFO</level>
  <class>com.kms.katalon.core.logging.XmlKeywordLogger</class>
  <method>logMessage</method>
  <thread>1</thread>
  <message>CSV report generated</message>
  <nestedLevel>0</nestedLevel>
</record>
<record>
  <date>2019-10-06T22:15:11</date>
  <millis>1570380311811</millis>
  <sequence>131</sequence>
  <level>INFO</level>
  <class>com.kms.katalon.core.logging.XmlKeywordLogger</class>
  <method>logMessage</method>
  <thread>1</thread>
  <message>Start generating JUnit report folder at: C:\\Users\\Sri\\Katalon Studio\\APIAutomationTesting\\Reports\\20191006_221429\\master suite\\Suite 2\\20191006_221429...</message>
  <nestedLevel>0</nestedLevel>
</record>
<record>
  <date>2019-10-06T22:15:12</date>
  <millis>1570380312678</millis>
  <sequence>132</sequence>
  <level>INFO</level>
  <class>com.kms.katalon.core.logging.XmlKeywordLogger</class>
  <method>logMessage</method>
  <thread>1</thread>
  <message>JUnit report generated</message>
  <nestedLevel>0</nestedLevel>
</record>
<record>
  <date>2019-10-06T22:15:12</date>
  <millis>1570380312679</millis>
  <sequence>134</sequence>
  <level>END</level>
  <class>com.kms.katalon.core.logging.XmlKeywordLogger</class>
  <method>endKeyword</method>
  <thread>1</thread>
  <message>End listener action : exportKatalonReports</message>
  <nestedLevel>0</nestedLevel>
</record>
<record>
  <date>2019-10-06T22:15:13</date>
  <millis>1570380313277</millis>
  <sequence>135</sequence>
  <level>END</level>
  <class>com.kms.katalon.core.logging.XmlKeywordLogger</class>
  <method>endSuite</method>
  <thread>1</thread>
  <message>End Test Suite : Test Suites/master suite/Suite 2</message>
  <nestedLevel>0</nestedLevel>
</record>
</log>