<?xml version="1.0" encoding="UTF-8" standalone="no"?>
<!DOCTYPE log SYSTEM "logger.dtd">
<log>
<record>
  <date>2019-10-06T21:48:16</date>
  <millis>1570378696997</millis>
  <sequence>0</sequence>
  <level>START</level>
  <class>com.kms.katalon.core.logging.XmlKeywordLogger</class>
  <method>startSuite</method>
  <thread>1</thread>
  <message>Start Test Suite : Test Suites/master suite/Suite 2</message>
  <nestedLevel>0</nestedLevel>
  <property name="name">Suite 2</property>
  <property name="description"></property>
  <property name="id">Test Suites/master suite/Suite 2</property>
</record>
<record>
  <date>2019-10-06T21:48:17</date>
  <millis>1570378697074</millis>
  <sequence>1</sequence>
  <level>RUN_DATA</level>
  <class>com.kms.katalon.core.logging.XmlKeywordLogger</class>
  <method>logMessage</method>
  <thread>1</thread>
  <message>hostName = Sri - DESKTOP-9B3G1M9</message>
  <nestedLevel>0</nestedLevel>
  <property name="hostName">Sri - DESKTOP-9B3G1M9</property>
</record>
<record>
  <date>2019-10-06T21:48:17</date>
  <millis>1570378697085</millis>
  <sequence>2</sequence>
  <level>RUN_DATA</level>
  <class>com.kms.katalon.core.logging.XmlKeywordLogger</class>
  <method>logMessage</method>
  <thread>1</thread>
  <message>os = Windows 10 64bit</message>
  <nestedLevel>0</nestedLevel>
  <property name="os">Windows 10 64bit</property>
</record>
<record>
  <date>2019-10-06T21:48:17</date>
  <millis>1570378697087</millis>
  <sequence>3</sequence>
  <level>RUN_DATA</level>
  <class>com.kms.katalon.core.logging.XmlKeywordLogger</class>
  <method>logMessage</method>
  <thread>1</thread>
  <message>hostAddress = 192.168.43.249</message>
  <nestedLevel>0</nestedLevel>
  <property name="hostAddress">192.168.43.249</property>
</record>
<record>
  <date>2019-10-06T21:48:17</date>
  <millis>1570378697095</millis>
  <sequence>4</sequence>
  <level>RUN_DATA</level>
  <class>com.kms.katalon.core.logging.XmlKeywordLogger</class>
  <method>logMessage</method>
  <thread>1</thread>
  <message>katalonVersion = 6.3.3.11</message>
  <nestedLevel>0</nestedLevel>
  <property name="katalonVersion">6.3.3.11</property>
</record>
<record>
  <date>2019-10-06T21:48:18</date>
  <millis>1570378698111</millis>
  <sequence>5</sequence>
  <level>START</level>
  <class>com.kms.katalon.core.logging.XmlKeywordLogger</class>
  <method>startTest</method>
  <thread>1</thread>
  <message>Start Test Case : Test Cases/Imgur/Imgur with header</message>
  <nestedLevel>1</nestedLevel>
  <property name="name">Test Cases/Imgur/Imgur with header</property>
  <property name="description"></property>
  <property name="id">Test Cases/Imgur/Imgur with header</property>
  <property name="source">C:\\Users\\Sri\\Katalon Studio\\APIAutomationTesting\\Test Cases\\Imgur\\Imgur with header.tc</property>
  <property name="tag"></property>
  <property name="isOptional">false</property>
</record>
<record>
  <date>2019-10-06T21:48:19</date>
  <millis>1570378699772</millis>
  <sequence>7</sequence>
  <level>START</level>
  <class>com.kms.katalon.core.logging.XmlKeywordLogger</class>
  <method>startKeyword</method>
  <thread>1</thread>
  <message>Start action : imgur = sendRequest(findTestObject(\&amp;quot;reqres/Imgur with http header\&amp;quot;))</message>
  <nestedLevel>1</nestedLevel>
  <property name="startLine">16</property>
  <property name="stepIndex">1</property>
</record>
<record>
  <date>2019-10-06T21:48:27</date>
  <millis>1570378707272</millis>
  <sequence>10</sequence>
  <level>INFO</level>
  <class>com.kms.katalon.core.logging.XmlKeywordLogger</class>
  <method>logMessage</method>
  <thread>1</thread>
  <message>HAR: C:\\Users\\Sri\\Katalon Studio\\APIAutomationTesting\\Reports\\20191006_214758\\master suite\\Suite 2\\20191006_214758\\requests\\main\\0.har</message>
  <nestedLevel>1</nestedLevel>
  <property name="harId">c27b8128-0e05-47d0-81b4-64c803dbc3e3</property>
</record>
<record>
  <date>2019-10-06T21:48:27</date>
  <millis>1570378707654</millis>
  <sequence>11</sequence>
  <level>PASSED</level>
  <class>com.kms.katalon.core.logging.XmlKeywordLogger</class>
  <method>logMessage</method>
  <thread>1</thread>
  <message>Send request successfully</message>
  <nestedLevel>1</nestedLevel>
</record>
<record>
  <date>2019-10-06T21:48:27</date>
  <millis>1570378707655</millis>
  <sequence>12</sequence>
  <level>END</level>
  <class>com.kms.katalon.core.logging.XmlKeywordLogger</class>
  <method>endKeyword</method>
  <thread>1</thread>
  <message>End action : imgur = sendRequest(findTestObject(\&amp;quot;reqres/Imgur with http header\&amp;quot;))</message>
  <nestedLevel>1</nestedLevel>
</record>
<record>
  <date>2019-10-06T21:48:27</date>
  <millis>1570378707657</millis>
  <sequence>13</sequence>
  <level>START</level>
  <class>com.kms.katalon.core.logging.XmlKeywordLogger</class>
  <method>startKeyword</method>
  <thread>1</thread>
  <message>Start action : verifyResponseStatusCode(imgur, 200)</message>
  <nestedLevel>1</nestedLevel>
  <property name="startLine">17</property>
  <property name="stepIndex">2</property>
</record>
<record>
  <date>2019-10-06T21:48:27</date>
  <millis>1570378707703</millis>
  <sequence>15</sequence>
  <level>PASSED</level>
  <class>com.kms.katalon.core.logging.XmlKeywordLogger</class>
  <method>logMessage</method>
  <thread>1</thread>
  <message>Verify response status code successfully</message>
  <nestedLevel>1</nestedLevel>
</record>
<record>
  <date>2019-10-06T21:48:27</date>
  <millis>1570378707706</millis>
  <sequence>16</sequence>
  <level>END</level>
  <class>com.kms.katalon.core.logging.XmlKeywordLogger</class>
  <method>endKeyword</method>
  <thread>1</thread>
  <message>End action : verifyResponseStatusCode(imgur, 200)</message>
  <nestedLevel>1</nestedLevel>
</record>
<record>
  <date>2019-10-06T21:48:27</date>
  <millis>1570378707707</millis>
  <sequence>17</sequence>
  <level>START</level>
  <class>com.kms.katalon.core.logging.XmlKeywordLogger</class>
  <method>startKeyword</method>
  <thread>1</thread>
  <message>Start action : println(\&amp;quot;TEST PASSED\&amp;quot;)</message>
  <nestedLevel>1</nestedLevel>
  <property name="startLine">18</property>
  <property name="stepIndex">3</property>
</record>
<record>
  <date>2019-10-06T21:48:27</date>
  <millis>1570378707774</millis>
  <sequence>18</sequence>
  <level>END</level>
  <class>com.kms.katalon.core.logging.XmlKeywordLogger</class>
  <method>endKeyword</method>
  <thread>1</thread>
  <message>End action : println(\&amp;quot;TEST PASSED\&amp;quot;)</message>
  <nestedLevel>1</nestedLevel>
</record>
<record>
  <date>2019-10-06T21:48:27</date>
  <millis>1570378707775</millis>
  <sequence>19</sequence>
  <level>PASSED</level>
  <class>com.kms.katalon.core.logging.XmlKeywordLogger</class>
  <method>logMessage</method>
  <thread>1</thread>
  <message>Test Cases/Imgur/Imgur with header</message>
  <nestedLevel>1</nestedLevel>
</record>
<record>
  <date>2019-10-06T21:48:27</date>
  <millis>1570378707785</millis>
  <sequence>20</sequence>
  <level>END</level>
  <class>com.kms.katalon.core.logging.XmlKeywordLogger</class>
  <method>endTest</method>
  <thread>1</thread>
  <message>End Test Case : Test Cases/Imgur/Imgur with header</message>
  <nestedLevel>0</nestedLevel>
</record>
<record>
  <date>2019-10-06T21:48:27</date>
  <millis>1570378707798</millis>
  <sequence>21</sequence>
  <level>START</level>
  <class>com.kms.katalon.core.logging.XmlKeywordLogger</class>
  <method>startTest</method>
  <thread>1</thread>
  <message>Start Test Case : Test Cases/List and create users/Create Users</message>
  <nestedLevel>1</nestedLevel>
  <property name="name">Test Cases/List and create users/Create Users</property>
  <property name="description"></property>
  <property name="id">Test Cases/List and create users/Create Users</property>
  <property name="source">C:\\Users\\Sri\\Katalon Studio\\APIAutomationTesting\\Test Cases\\List and create users\\Create Users.tc</property>
  <property name="tag"></property>
  <property name="isOptional">false</property>
</record>
<record>
  <date>2019-10-06T21:48:28</date>
  <millis>1570378708377</millis>
  <sequence>23</sequence>
  <level>START</level>
  <class>com.kms.katalon.core.logging.XmlKeywordLogger</class>
  <method>startKeyword</method>
  <thread>1</thread>
  <message>Start action : createuser = sendRequest(findTestObject(\&amp;quot;reqres/Create new User\&amp;quot;))</message>
  <nestedLevel>1</nestedLevel>
  <property name="startLine">16</property>
  <property name="stepIndex">1</property>
</record>
<record>
  <date>2019-10-06T21:48:30</date>
  <millis>1570378710038</millis>
  <sequence>26</sequence>
  <level>INFO</level>
  <class>com.kms.katalon.core.logging.XmlKeywordLogger</class>
  <method>logMessage</method>
  <thread>1</thread>
  <message>HAR: C:\\Users\\Sri\\Katalon Studio\\APIAutomationTesting\\Reports\\20191006_214758\\master suite\\Suite 2\\20191006_214758\\requests\\main\\1.har</message>
  <nestedLevel>1</nestedLevel>
  <property name="harId">f142b5ca-f5ab-4625-9cf8-d164b68b5eb5</property>
</record>
<record>
  <date>2019-10-06T21:48:30</date>
  <millis>1570378710053</millis>
  <sequence>27</sequence>
  <level>PASSED</level>
  <class>com.kms.katalon.core.logging.XmlKeywordLogger</class>
  <method>logMessage</method>
  <thread>1</thread>
  <message>Send request successfully</message>
  <nestedLevel>1</nestedLevel>
</record>
<record>
  <date>2019-10-06T21:48:30</date>
  <millis>1570378710059</millis>
  <sequence>28</sequence>
  <level>END</level>
  <class>com.kms.katalon.core.logging.XmlKeywordLogger</class>
  <method>endKeyword</method>
  <thread>1</thread>
  <message>End action : createuser = sendRequest(findTestObject(\&amp;quot;reqres/Create new User\&amp;quot;))</message>
  <nestedLevel>1</nestedLevel>
</record>
<record>
  <date>2019-10-06T21:48:30</date>
  <millis>1570378710063</millis>
  <sequence>29</sequence>
  <level>START</level>
  <class>com.kms.katalon.core.logging.XmlKeywordLogger</class>
  <method>startKeyword</method>
  <thread>1</thread>
  <message>Start action : verifyResponseStatusCode(createuser, 201)</message>
  <nestedLevel>1</nestedLevel>
  <property name="startLine">17</property>
  <property name="stepIndex">2</property>
</record>
<record>
  <date>2019-10-06T21:48:30</date>
  <millis>1570378710073</millis>
  <sequence>31</sequence>
  <level>PASSED</level>
  <class>com.kms.katalon.core.logging.XmlKeywordLogger</class>
  <method>logMessage</method>
  <thread>1</thread>
  <message>Verify response status code successfully</message>
  <nestedLevel>1</nestedLevel>
</record>
<record>
  <date>2019-10-06T21:48:30</date>
  <millis>1570378710080</millis>
  <sequence>32</sequence>
  <level>END</level>
  <class>com.kms.katalon.core.logging.XmlKeywordLogger</class>
  <method>endKeyword</method>
  <thread>1</thread>
  <message>End action : verifyResponseStatusCode(createuser, 201)</message>
  <nestedLevel>1</nestedLevel>
</record>
<record>
  <date>2019-10-06T21:48:30</date>
  <millis>1570378710082</millis>
  <sequence>33</sequence>
  <level>PASSED</level>
  <class>com.kms.katalon.core.logging.XmlKeywordLogger</class>
  <method>logMessage</method>
  <thread>1</thread>
  <message>Test Cases/List and create users/Create Users</message>
  <nestedLevel>1</nestedLevel>
</record>
<record>
  <date>2019-10-06T21:48:30</date>
  <millis>1570378710084</millis>
  <sequence>34</sequence>
  <level>END</level>
  <class>com.kms.katalon.core.logging.XmlKeywordLogger</class>
  <method>endTest</method>
  <thread>1</thread>
  <message>End Test Case : Test Cases/List and create users/Create Users</message>
  <nestedLevel>0</nestedLevel>
</record>
<record>
  <date>2019-10-06T21:48:30</date>
  <millis>1570378710094</millis>
  <sequence>35</sequence>
  <level>START</level>
  <class>com.kms.katalon.core.logging.XmlKeywordLogger</class>
  <method>startTest</method>
  <thread>1</thread>
  <message>Start Test Case : Test Cases/List and create users/List users</message>
  <nestedLevel>1</nestedLevel>
  <property name="name">Test Cases/List and create users/List users</property>
  <property name="description"></property>
  <property name="id">Test Cases/List and create users/List users</property>
  <property name="source">C:\\Users\\Sri\\Katalon Studio\\APIAutomationTesting\\Test Cases\\List and create users\\List users.tc</property>
  <property name="tag"></property>
  <property name="isOptional">false</property>
</record>
<record>
  <date>2019-10-06T21:48:30</date>
  <millis>1570378710646</millis>
  <sequence>37</sequence>
  <level>START</level>
  <class>com.kms.katalon.core.logging.XmlKeywordLogger</class>
  <method>startKeyword</method>
  <thread>1</thread>
  <message>Start action : listusers = sendRequest(findTestObject(\&amp;quot;reqres/List all users\&amp;quot;))</message>
  <nestedLevel>1</nestedLevel>
  <property name="startLine">16</property>
  <property name="stepIndex">1</property>
</record>
<record>
  <date>2019-10-06T21:48:31</date>
  <millis>1570378711305</millis>
  <sequence>40</sequence>
  <level>INFO</level>
  <class>com.kms.katalon.core.logging.XmlKeywordLogger</class>
  <method>logMessage</method>
  <thread>1</thread>
  <message>HAR: C:\\Users\\Sri\\Katalon Studio\\APIAutomationTesting\\Reports\\20191006_214758\\master suite\\Suite 2\\20191006_214758\\requests\\main\\2.har</message>
  <nestedLevel>1</nestedLevel>
  <property name="harId">3111b409-00f8-4e1e-aeb3-dfb2b586562d</property>
</record>
<record>
  <date>2019-10-06T21:48:31</date>
  <millis>1570378711323</millis>
  <sequence>41</sequence>
  <level>PASSED</level>
  <class>com.kms.katalon.core.logging.XmlKeywordLogger</class>
  <method>logMessage</method>
  <thread>1</thread>
  <message>Send request successfully</message>
  <nestedLevel>1</nestedLevel>
</record>
<record>
  <date>2019-10-06T21:48:31</date>
  <millis>1570378711324</millis>
  <sequence>42</sequence>
  <level>END</level>
  <class>com.kms.katalon.core.logging.XmlKeywordLogger</class>
  <method>endKeyword</method>
  <thread>1</thread>
  <message>End action : listusers = sendRequest(findTestObject(\&amp;quot;reqres/List all users\&amp;quot;))</message>
  <nestedLevel>1</nestedLevel>
</record>
<record>
  <date>2019-10-06T21:48:31</date>
  <millis>1570378711325</millis>
  <sequence>43</sequence>
  <level>START</level>
  <class>com.kms.katalon.core.logging.XmlKeywordLogger</class>
  <method>startKeyword</method>
  <thread>1</thread>
  <message>Start action : verifyResponseStatusCode(listusers, 200)</message>
  <nestedLevel>1</nestedLevel>
  <property name="startLine">18</property>
  <property name="stepIndex">2</property>
</record>
<record>
  <date>2019-10-06T21:48:31</date>
  <millis>1570378711328</millis>
  <sequence>45</sequence>
  <level>PASSED</level>
  <class>com.kms.katalon.core.logging.XmlKeywordLogger</class>
  <method>logMessage</method>
  <thread>1</thread>
  <message>Verify response status code successfully</message>
  <nestedLevel>1</nestedLevel>
</record>
<record>
  <date>2019-10-06T21:48:31</date>
  <millis>1570378711329</millis>
  <sequence>46</sequence>
  <level>END</level>
  <class>com.kms.katalon.core.logging.XmlKeywordLogger</class>
  <method>endKeyword</method>
  <thread>1</thread>
  <message>End action : verifyResponseStatusCode(listusers, 200)</message>
  <nestedLevel>1</nestedLevel>
</record>
<record>
  <date>2019-10-06T21:48:31</date>
  <millis>1570378711329</millis>
  <sequence>47</sequence>
  <level>PASSED</level>
  <class>com.kms.katalon.core.logging.XmlKeywordLogger</class>
  <method>logMessage</method>
  <thread>1</thread>
  <message>Test Cases/List and create users/List users</message>
  <nestedLevel>1</nestedLevel>
</record>
<record>
  <date>2019-10-06T21:48:31</date>
  <millis>1570378711331</millis>
  <sequence>48</sequence>
  <level>END</level>
  <class>com.kms.katalon.core.logging.XmlKeywordLogger</class>
  <method>endTest</method>
  <thread>1</thread>
  <message>End Test Case : Test Cases/List and create users/List users</message>
  <nestedLevel>0</nestedLevel>
</record>
<record>
  <date>2019-10-06T21:48:31</date>
  <millis>1570378711332</millis>
  <sequence>49</sequence>
  <level>START</level>
  <class>com.kms.katalon.core.logging.XmlKeywordLogger</class>
  <method>startKeyword</method>
  <thread>1</thread>
  <message>Start listener action : exportKatalonReports</message>
  <nestedLevel>0</nestedLevel>
</record>
<record>
  <date>2019-10-06T21:48:31</date>
  <millis>1570378711793</millis>
  <sequence>127</sequence>
  <level>INFO</level>
  <class>com.kms.katalon.core.logging.XmlKeywordLogger</class>
  <method>logMessage</method>
  <thread>1</thread>
  <message>Start generating HTML report folder at: C:\\Users\\Sri\\Katalon Studio\\APIAutomationTesting\\Reports\\20191006_214758\\master suite\\Suite 2\\20191006_214758...</message>
  <nestedLevel>0</nestedLevel>
</record>
<record>
  <date>2019-10-06T21:48:32</date>
  <millis>1570378712584</millis>
  <sequence>128</sequence>
  <level>INFO</level>
  <class>com.kms.katalon.core.logging.XmlKeywordLogger</class>
  <method>logMessage</method>
  <thread>1</thread>
  <message>HTML report generated</message>
  <nestedLevel>0</nestedLevel>
</record>
<record>
  <date>2019-10-06T21:48:32</date>
  <millis>1570378712588</millis>
  <sequence>129</sequence>
  <level>INFO</level>
  <class>com.kms.katalon.core.logging.XmlKeywordLogger</class>
  <method>logMessage</method>
  <thread>1</thread>
  <message>Start generating CSV report folder at: C:\\Users\\Sri\\Katalon Studio\\APIAutomationTesting\\Reports\\20191006_214758\\master suite\\Suite 2\\20191006_214758...</message>
  <nestedLevel>0</nestedLevel>
</record>
<record>
  <date>2019-10-06T21:48:32</date>
  <millis>1570378712663</millis>
  <sequence>130</sequence>
  <level>INFO</level>
  <class>com.kms.katalon.core.logging.XmlKeywordLogger</class>
  <method>logMessage</method>
  <thread>1</thread>
  <message>CSV report generated</message>
  <nestedLevel>0</nestedLevel>
</record>
<record>
  <date>2019-10-06T21:48:32</date>
  <millis>1570378712665</millis>
  <sequence>131</sequence>
  <level>INFO</level>
  <class>com.kms.katalon.core.logging.XmlKeywordLogger</class>
  <method>logMessage</method>
  <thread>1</thread>
  <message>Start generating JUnit report folder at: C:\\Users\\Sri\\Katalon Studio\\APIAutomationTesting\\Reports\\20191006_214758\\master suite\\Suite 2\\20191006_214758...</message>
  <nestedLevel>0</nestedLevel>
</record>
<record>
  <date>2019-10-06T21:48:33</date>
  <millis>1570378713329</millis>
  <sequence>132</sequence>
  <level>INFO</level>
  <class>com.kms.katalon.core.logging.XmlKeywordLogger</class>
  <method>logMessage</method>
  <thread>1</thread>
  <message>JUnit report generated</message>
  <nestedLevel>0</nestedLevel>
</record>
<record>
  <date>2019-10-06T21:48:33</date>
  <millis>1570378713332</millis>
  <sequence>134</sequence>
  <level>END</level>
  <class>com.kms.katalon.core.logging.XmlKeywordLogger</class>
  <method>endKeyword</method>
  <thread>1</thread>
  <message>End listener action : exportKatalonReports</message>
  <nestedLevel>0</nestedLevel>
</record>
<record>
  <date>2019-10-06T21:48:33</date>
  <millis>1570378713496</millis>
  <sequence>135</sequence>
  <level>END</level>
  <class>com.kms.katalon.core.logging.XmlKeywordLogger</class>
  <method>endSuite</method>
  <thread>1</thread>
  <message>End Test Suite : Test Suites/master suite/Suite 2</message>
  <nestedLevel>0</nestedLevel>
</record>
</log>