<?xml version="1.0" encoding="UTF-8" standalone="no"?>
<!DOCTYPE log SYSTEM "logger.dtd">
<log>
<record>
  <date>2019-10-06T22:20:37</date>
  <millis>1570380637357</millis>
  <sequence>0</sequence>
  <level>START</level>
  <class>com.kms.katalon.core.logging.XmlKeywordLogger</class>
  <method>startSuite</method>
  <thread>1</thread>
  <message>Start Test Suite : Test Suites/master suite/Suite 2</message>
  <nestedLevel>0</nestedLevel>
  <property name="name">Suite 2</property>
  <property name="description"></property>
  <property name="id">Test Suites/master suite/Suite 2</property>
</record>
<record>
  <date>2019-10-06T22:20:37</date>
  <millis>1570380637403</millis>
  <sequence>1</sequence>
  <level>RUN_DATA</level>
  <class>com.kms.katalon.core.logging.XmlKeywordLogger</class>
  <method>logMessage</method>
  <thread>1</thread>
  <message>hostName = Sri - DESKTOP-9B3G1M9</message>
  <nestedLevel>0</nestedLevel>
  <property name="hostName">Sri - DESKTOP-9B3G1M9</property>
</record>
<record>
  <date>2019-10-06T22:20:37</date>
  <millis>1570380637404</millis>
  <sequence>2</sequence>
  <level>RUN_DATA</level>
  <class>com.kms.katalon.core.logging.XmlKeywordLogger</class>
  <method>logMessage</method>
  <thread>1</thread>
  <message>os = Windows 10 64bit</message>
  <nestedLevel>0</nestedLevel>
  <property name="os">Windows 10 64bit</property>
</record>
<record>
  <date>2019-10-06T22:20:37</date>
  <millis>1570380637405</millis>
  <sequence>3</sequence>
  <level>RUN_DATA</level>
  <class>com.kms.katalon.core.logging.XmlKeywordLogger</class>
  <method>logMessage</method>
  <thread>1</thread>
  <message>hostAddress = 192.168.43.249</message>
  <nestedLevel>0</nestedLevel>
  <property name="hostAddress">192.168.43.249</property>
</record>
<record>
  <date>2019-10-06T22:20:37</date>
  <millis>1570380637407</millis>
  <sequence>4</sequence>
  <level>RUN_DATA</level>
  <class>com.kms.katalon.core.logging.XmlKeywordLogger</class>
  <method>logMessage</method>
  <thread>1</thread>
  <message>katalonVersion = 6.3.3.11</message>
  <nestedLevel>0</nestedLevel>
  <property name="katalonVersion">6.3.3.11</property>
</record>
<record>
  <date>2019-10-06T22:20:38</date>
  <millis>1570380638006</millis>
  <sequence>5</sequence>
  <level>START</level>
  <class>com.kms.katalon.core.logging.XmlKeywordLogger</class>
  <method>startTest</method>
  <thread>1</thread>
  <message>Start Test Case : Test Cases/Imgur/Imgur with header</message>
  <nestedLevel>1</nestedLevel>
  <property name="name">Test Cases/Imgur/Imgur with header</property>
  <property name="description"></property>
  <property name="id">Test Cases/Imgur/Imgur with header</property>
  <property name="source">C:\\Users\\Sri\\Katalon Studio\\APIAutomationTesting\\Test Cases\\Imgur\\Imgur with header.tc</property>
  <property name="tag"></property>
  <property name="isOptional">false</property>
</record>
<record>
  <date>2019-10-06T22:20:38</date>
  <millis>1570380638772</millis>
  <sequence>7</sequence>
  <level>START</level>
  <class>com.kms.katalon.core.logging.XmlKeywordLogger</class>
  <method>startKeyword</method>
  <thread>1</thread>
  <message>Start action : imgur = sendRequest(findTestObject(\&amp;quot;reqres/Imgur with http header\&amp;quot;))</message>
  <nestedLevel>1</nestedLevel>
  <property name="startLine">16</property>
  <property name="stepIndex">1</property>
</record>
<record>
  <date>2019-10-06T22:20:44</date>
  <millis>1570380644280</millis>
  <sequence>10</sequence>
  <level>INFO</level>
  <class>com.kms.katalon.core.logging.XmlKeywordLogger</class>
  <method>logMessage</method>
  <thread>1</thread>
  <message>HAR: C:\\Users\\Sri\\Katalon Studio\\APIAutomationTesting\\Reports\\20191006_222022\\master suite\\Suite 2\\20191006_222022\\requests\\main\\0.har</message>
  <nestedLevel>1</nestedLevel>
  <property name="harId">62df9a1f-7562-4879-be6d-e172f730fb6c</property>
</record>
<record>
  <date>2019-10-06T22:20:44</date>
  <millis>1570380644557</millis>
  <sequence>11</sequence>
  <level>PASSED</level>
  <class>com.kms.katalon.core.logging.XmlKeywordLogger</class>
  <method>logMessage</method>
  <thread>1</thread>
  <message>Send request successfully</message>
  <nestedLevel>1</nestedLevel>
</record>
<record>
  <date>2019-10-06T22:20:44</date>
  <millis>1570380644564</millis>
  <sequence>12</sequence>
  <level>END</level>
  <class>com.kms.katalon.core.logging.XmlKeywordLogger</class>
  <method>endKeyword</method>
  <thread>1</thread>
  <message>End action : imgur = sendRequest(findTestObject(\&amp;quot;reqres/Imgur with http header\&amp;quot;))</message>
  <nestedLevel>1</nestedLevel>
</record>
<record>
  <date>2019-10-06T22:20:44</date>
  <millis>1570380644565</millis>
  <sequence>13</sequence>
  <level>START</level>
  <class>com.kms.katalon.core.logging.XmlKeywordLogger</class>
  <method>startKeyword</method>
  <thread>1</thread>
  <message>Start action : verifyResponseStatusCode(imgur, 200)</message>
  <nestedLevel>1</nestedLevel>
  <property name="startLine">17</property>
  <property name="stepIndex">2</property>
</record>
<record>
  <date>2019-10-06T22:20:44</date>
  <millis>1570380644606</millis>
  <sequence>15</sequence>
  <level>PASSED</level>
  <class>com.kms.katalon.core.logging.XmlKeywordLogger</class>
  <method>logMessage</method>
  <thread>1</thread>
  <message>Verify response status code successfully</message>
  <nestedLevel>1</nestedLevel>
</record>
<record>
  <date>2019-10-06T22:20:44</date>
  <millis>1570380644607</millis>
  <sequence>16</sequence>
  <level>END</level>
  <class>com.kms.katalon.core.logging.XmlKeywordLogger</class>
  <method>endKeyword</method>
  <thread>1</thread>
  <message>End action : verifyResponseStatusCode(imgur, 200)</message>
  <nestedLevel>1</nestedLevel>
</record>
<record>
  <date>2019-10-06T22:20:44</date>
  <millis>1570380644608</millis>
  <sequence>17</sequence>
  <level>START</level>
  <class>com.kms.katalon.core.logging.XmlKeywordLogger</class>
  <method>startKeyword</method>
  <thread>1</thread>
  <message>Start action : println(\&amp;quot;TEST PASSED\&amp;quot;)</message>
  <nestedLevel>1</nestedLevel>
  <property name="startLine">18</property>
  <property name="stepIndex">3</property>
</record>
<record>
  <date>2019-10-06T22:20:44</date>
  <millis>1570380644617</millis>
  <sequence>18</sequence>
  <level>END</level>
  <class>com.kms.katalon.core.logging.XmlKeywordLogger</class>
  <method>endKeyword</method>
  <thread>1</thread>
  <message>End action : println(\&amp;quot;TEST PASSED\&amp;quot;)</message>
  <nestedLevel>1</nestedLevel>
</record>
<record>
  <date>2019-10-06T22:20:44</date>
  <millis>1570380644618</millis>
  <sequence>19</sequence>
  <level>PASSED</level>
  <class>com.kms.katalon.core.logging.XmlKeywordLogger</class>
  <method>logMessage</method>
  <thread>1</thread>
  <message>Test Cases/Imgur/Imgur with header</message>
  <nestedLevel>1</nestedLevel>
</record>
<record>
  <date>2019-10-06T22:20:44</date>
  <millis>1570380644647</millis>
  <sequence>20</sequence>
  <level>END</level>
  <class>com.kms.katalon.core.logging.XmlKeywordLogger</class>
  <method>endTest</method>
  <thread>1</thread>
  <message>End Test Case : Test Cases/Imgur/Imgur with header</message>
  <nestedLevel>0</nestedLevel>
</record>
<record>
  <date>2019-10-06T22:20:44</date>
  <millis>1570380644684</millis>
  <sequence>21</sequence>
  <level>START</level>
  <class>com.kms.katalon.core.logging.XmlKeywordLogger</class>
  <method>startTest</method>
  <thread>1</thread>
  <message>Start Test Case : Test Cases/List and create users/Create Users</message>
  <nestedLevel>1</nestedLevel>
  <property name="name">Test Cases/List and create users/Create Users</property>
  <property name="description"></property>
  <property name="id">Test Cases/List and create users/Create Users</property>
  <property name="source">C:\\Users\\Sri\\Katalon Studio\\APIAutomationTesting\\Test Cases\\List and create users\\Create Users.tc</property>
  <property name="tag"></property>
  <property name="isOptional">false</property>
</record>
<record>
  <date>2019-10-06T22:20:45</date>
  <millis>1570380645533</millis>
  <sequence>23</sequence>
  <level>START</level>
  <class>com.kms.katalon.core.logging.XmlKeywordLogger</class>
  <method>startKeyword</method>
  <thread>1</thread>
  <message>Start action : createuser = sendRequest(findTestObject(\&amp;quot;reqres/Create new User\&amp;quot;))</message>
  <nestedLevel>1</nestedLevel>
  <property name="startLine">16</property>
  <property name="stepIndex">1</property>
</record>
<record>
  <date>2019-10-06T22:20:47</date>
  <millis>1570380647413</millis>
  <sequence>26</sequence>
  <level>INFO</level>
  <class>com.kms.katalon.core.logging.XmlKeywordLogger</class>
  <method>logMessage</method>
  <thread>1</thread>
  <message>HAR: C:\\Users\\Sri\\Katalon Studio\\APIAutomationTesting\\Reports\\20191006_222022\\master suite\\Suite 2\\20191006_222022\\requests\\main\\1.har</message>
  <nestedLevel>1</nestedLevel>
  <property name="harId">f9ef4e73-7d75-4136-92f1-c769a0af6f01</property>
</record>
<record>
  <date>2019-10-06T22:20:47</date>
  <millis>1570380647428</millis>
  <sequence>27</sequence>
  <level>PASSED</level>
  <class>com.kms.katalon.core.logging.XmlKeywordLogger</class>
  <method>logMessage</method>
  <thread>1</thread>
  <message>Send request successfully</message>
  <nestedLevel>1</nestedLevel>
</record>
<record>
  <date>2019-10-06T22:20:47</date>
  <millis>1570380647428</millis>
  <sequence>28</sequence>
  <level>END</level>
  <class>com.kms.katalon.core.logging.XmlKeywordLogger</class>
  <method>endKeyword</method>
  <thread>1</thread>
  <message>End action : createuser = sendRequest(findTestObject(\&amp;quot;reqres/Create new User\&amp;quot;))</message>
  <nestedLevel>1</nestedLevel>
</record>
<record>
  <date>2019-10-06T22:20:47</date>
  <millis>1570380647429</millis>
  <sequence>29</sequence>
  <level>START</level>
  <class>com.kms.katalon.core.logging.XmlKeywordLogger</class>
  <method>startKeyword</method>
  <thread>1</thread>
  <message>Start action : verifyResponseStatusCode(createuser, 201)</message>
  <nestedLevel>1</nestedLevel>
  <property name="startLine">17</property>
  <property name="stepIndex">2</property>
</record>
<record>
  <date>2019-10-06T22:20:47</date>
  <millis>1570380647433</millis>
  <sequence>31</sequence>
  <level>PASSED</level>
  <class>com.kms.katalon.core.logging.XmlKeywordLogger</class>
  <method>logMessage</method>
  <thread>1</thread>
  <message>Verify response status code successfully</message>
  <nestedLevel>1</nestedLevel>
</record>
<record>
  <date>2019-10-06T22:20:47</date>
  <millis>1570380647433</millis>
  <sequence>32</sequence>
  <level>END</level>
  <class>com.kms.katalon.core.logging.XmlKeywordLogger</class>
  <method>endKeyword</method>
  <thread>1</thread>
  <message>End action : verifyResponseStatusCode(createuser, 201)</message>
  <nestedLevel>1</nestedLevel>
</record>
<record>
  <date>2019-10-06T22:20:47</date>
  <millis>1570380647435</millis>
  <sequence>33</sequence>
  <level>PASSED</level>
  <class>com.kms.katalon.core.logging.XmlKeywordLogger</class>
  <method>logMessage</method>
  <thread>1</thread>
  <message>Test Cases/List and create users/Create Users</message>
  <nestedLevel>1</nestedLevel>
</record>
<record>
  <date>2019-10-06T22:20:47</date>
  <millis>1570380647435</millis>
  <sequence>34</sequence>
  <level>END</level>
  <class>com.kms.katalon.core.logging.XmlKeywordLogger</class>
  <method>endTest</method>
  <thread>1</thread>
  <message>End Test Case : Test Cases/List and create users/Create Users</message>
  <nestedLevel>0</nestedLevel>
</record>
<record>
  <date>2019-10-06T22:20:47</date>
  <millis>1570380647442</millis>
  <sequence>35</sequence>
  <level>START</level>
  <class>com.kms.katalon.core.logging.XmlKeywordLogger</class>
  <method>startTest</method>
  <thread>1</thread>
  <message>Start Test Case : Test Cases/List and create users/List users</message>
  <nestedLevel>1</nestedLevel>
  <property name="name">Test Cases/List and create users/List users</property>
  <property name="description"></property>
  <property name="id">Test Cases/List and create users/List users</property>
  <property name="source">C:\\Users\\Sri\\Katalon Studio\\APIAutomationTesting\\Test Cases\\List and create users\\List users.tc</property>
  <property name="tag"></property>
  <property name="isOptional">false</property>
</record>
<record>
  <date>2019-10-06T22:20:47</date>
  <millis>1570380647904</millis>
  <sequence>37</sequence>
  <level>START</level>
  <class>com.kms.katalon.core.logging.XmlKeywordLogger</class>
  <method>startKeyword</method>
  <thread>1</thread>
  <message>Start action : listusers = sendRequest(findTestObject(\&amp;quot;reqres/List all users\&amp;quot;))</message>
  <nestedLevel>1</nestedLevel>
  <property name="startLine">16</property>
  <property name="stepIndex">1</property>
</record>
<record>
  <date>2019-10-06T22:20:48</date>
  <millis>1570380648488</millis>
  <sequence>40</sequence>
  <level>INFO</level>
  <class>com.kms.katalon.core.logging.XmlKeywordLogger</class>
  <method>logMessage</method>
  <thread>1</thread>
  <message>HAR: C:\\Users\\Sri\\Katalon Studio\\APIAutomationTesting\\Reports\\20191006_222022\\master suite\\Suite 2\\20191006_222022\\requests\\main\\2.har</message>
  <nestedLevel>1</nestedLevel>
  <property name="harId">550d2553-b28d-47a6-9377-1d55c630b6f0</property>
</record>
<record>
  <date>2019-10-06T22:20:48</date>
  <millis>1570380648532</millis>
  <sequence>41</sequence>
  <level>PASSED</level>
  <class>com.kms.katalon.core.logging.XmlKeywordLogger</class>
  <method>logMessage</method>
  <thread>1</thread>
  <message>Send request successfully</message>
  <nestedLevel>1</nestedLevel>
</record>
<record>
  <date>2019-10-06T22:20:48</date>
  <millis>1570380648533</millis>
  <sequence>42</sequence>
  <level>END</level>
  <class>com.kms.katalon.core.logging.XmlKeywordLogger</class>
  <method>endKeyword</method>
  <thread>1</thread>
  <message>End action : listusers = sendRequest(findTestObject(\&amp;quot;reqres/List all users\&amp;quot;))</message>
  <nestedLevel>1</nestedLevel>
</record>
<record>
  <date>2019-10-06T22:20:48</date>
  <millis>1570380648534</millis>
  <sequence>43</sequence>
  <level>START</level>
  <class>com.kms.katalon.core.logging.XmlKeywordLogger</class>
  <method>startKeyword</method>
  <thread>1</thread>
  <message>Start action : verifyResponseStatusCode(listusers, 200)</message>
  <nestedLevel>1</nestedLevel>
  <property name="startLine">18</property>
  <property name="stepIndex">2</property>
</record>
<record>
  <date>2019-10-06T22:20:48</date>
  <millis>1570380648539</millis>
  <sequence>45</sequence>
  <level>PASSED</level>
  <class>com.kms.katalon.core.logging.XmlKeywordLogger</class>
  <method>logMessage</method>
  <thread>1</thread>
  <message>Verify response status code successfully</message>
  <nestedLevel>1</nestedLevel>
</record>
<record>
  <date>2019-10-06T22:20:48</date>
  <millis>1570380648539</millis>
  <sequence>46</sequence>
  <level>END</level>
  <class>com.kms.katalon.core.logging.XmlKeywordLogger</class>
  <method>endKeyword</method>
  <thread>1</thread>
  <message>End action : verifyResponseStatusCode(listusers, 200)</message>
  <nestedLevel>1</nestedLevel>
</record>
<record>
  <date>2019-10-06T22:20:48</date>
  <millis>1570380648539</millis>
  <sequence>47</sequence>
  <level>PASSED</level>
  <class>com.kms.katalon.core.logging.XmlKeywordLogger</class>
  <method>logMessage</method>
  <thread>1</thread>
  <message>Test Cases/List and create users/List users</message>
  <nestedLevel>1</nestedLevel>
</record>
<record>
  <date>2019-10-06T22:20:48</date>
  <millis>1570380648540</millis>
  <sequence>48</sequence>
  <level>END</level>
  <class>com.kms.katalon.core.logging.XmlKeywordLogger</class>
  <method>endTest</method>
  <thread>1</thread>
  <message>End Test Case : Test Cases/List and create users/List users</message>
  <nestedLevel>0</nestedLevel>
</record>
<record>
  <date>2019-10-06T22:20:48</date>
  <millis>1570380648541</millis>
  <sequence>49</sequence>
  <level>START</level>
  <class>com.kms.katalon.core.logging.XmlKeywordLogger</class>
  <method>startKeyword</method>
  <thread>1</thread>
  <message>Start listener action : exportKatalonReports</message>
  <nestedLevel>0</nestedLevel>
</record>
<record>
  <date>2019-10-06T22:20:48</date>
  <millis>1570380648866</millis>
  <sequence>127</sequence>
  <level>INFO</level>
  <class>com.kms.katalon.core.logging.XmlKeywordLogger</class>
  <method>logMessage</method>
  <thread>1</thread>
  <message>Start generating HTML report folder at: C:\\Users\\Sri\\Katalon Studio\\APIAutomationTesting\\Reports\\20191006_222022\\master suite\\Suite 2\\20191006_222022...</message>
  <nestedLevel>0</nestedLevel>
</record>
<record>
  <date>2019-10-06T22:20:49</date>
  <millis>1570380649752</millis>
  <sequence>128</sequence>
  <level>INFO</level>
  <class>com.kms.katalon.core.logging.XmlKeywordLogger</class>
  <method>logMessage</method>
  <thread>1</thread>
  <message>HTML report generated</message>
  <nestedLevel>0</nestedLevel>
</record>
<record>
  <date>2019-10-06T22:20:49</date>
  <millis>1570380649754</millis>
  <sequence>129</sequence>
  <level>INFO</level>
  <class>com.kms.katalon.core.logging.XmlKeywordLogger</class>
  <method>logMessage</method>
  <thread>1</thread>
  <message>Start generating CSV report folder at: C:\\Users\\Sri\\Katalon Studio\\APIAutomationTesting\\Reports\\20191006_222022\\master suite\\Suite 2\\20191006_222022...</message>
  <nestedLevel>0</nestedLevel>
</record>
<record>
  <date>2019-10-06T22:20:49</date>
  <millis>1570380649809</millis>
  <sequence>130</sequence>
  <level>INFO</level>
  <class>com.kms.katalon.core.logging.XmlKeywordLogger</class>
  <method>logMessage</method>
  <thread>1</thread>
  <message>CSV report generated</message>
  <nestedLevel>0</nestedLevel>
</record>
<record>
  <date>2019-10-06T22:20:49</date>
  <millis>1570380649811</millis>
  <sequence>131</sequence>
  <level>INFO</level>
  <class>com.kms.katalon.core.logging.XmlKeywordLogger</class>
  <method>logMessage</method>
  <thread>1</thread>
  <message>Start generating JUnit report folder at: C:\\Users\\Sri\\Katalon Studio\\APIAutomationTesting\\Reports\\20191006_222022\\master suite\\Suite 2\\20191006_222022...</message>
  <nestedLevel>0</nestedLevel>
</record>
<record>
  <date>2019-10-06T22:20:50</date>
  <millis>1570380650205</millis>
  <sequence>132</sequence>
  <level>INFO</level>
  <class>com.kms.katalon.core.logging.XmlKeywordLogger</class>
  <method>logMessage</method>
  <thread>1</thread>
  <message>JUnit report generated</message>
  <nestedLevel>0</nestedLevel>
</record>
<record>
  <date>2019-10-06T22:20:50</date>
  <millis>1570380650206</millis>
  <sequence>134</sequence>
  <level>END</level>
  <class>com.kms.katalon.core.logging.XmlKeywordLogger</class>
  <method>endKeyword</method>
  <thread>1</thread>
  <message>End listener action : exportKatalonReports</message>
  <nestedLevel>0</nestedLevel>
</record>
<record>
  <date>2019-10-06T22:20:50</date>
  <millis>1570380650324</millis>
  <sequence>135</sequence>
  <level>END</level>
  <class>com.kms.katalon.core.logging.XmlKeywordLogger</class>
  <method>endSuite</method>
  <thread>1</thread>
  <message>End Test Suite : Test Suites/master suite/Suite 2</message>
  <nestedLevel>0</nestedLevel>
</record>
</log>